2025-07-14 18:54:22,965 [Worker-2: Loading available Gradle versions] INFO  o.e.b.c.i.u.g.PublishedGradleVersions - Gradle version information cache is not available. Remote download required.
2025-07-14 18:56:49,902 [Worker-9: Import Getting Started Content] INFO  o.e.m.c.i.l.LifecycleMappingFactory - Using org.eclipse.m2e.jdt.JarLifecycleMapping lifecycle mapping for MavenProject: in.thiruit:StudentApplication:0.0.1-SNAPSHOT @ C:\Users\hp\Desktop\SBMS-01\01_POC_PROJECTS\StudentApplication\pom.xml.
2025-07-14 18:57:00,292 [Worker-9: Import Getting Started Content] INFO  o.e.m.j.i.AbstractJavaProjectConfigurator - Adding source folder /StudentApplication/src/main/java
2025-07-14 18:57:00,296 [Worker-9: Import Getting Started Content] INFO  o.e.m.j.i.AbstractJavaProjectConfigurator - Adding resource folder /StudentApplication/src/main/resources
2025-07-14 18:57:00,349 [Worker-9: Import Getting Started Content] INFO  o.e.m.j.i.AbstractJavaProjectConfigurator - Adding resource folder /StudentApplication/src/main/resources
2025-07-14 18:57:00,374 [Worker-9: Import Getting Started Content] INFO  o.e.m.j.i.AbstractJavaProjectConfigurator - Adding source folder /StudentApplication/src/test/java
2025-07-14 18:57:00,377 [Worker-9: Import Getting Started Content] INFO  o.e.m.j.i.AbstractJavaProjectConfigurator - Adding resource folder /StudentApplication/src/test/resources
2025-07-14 18:57:11,002 [Worker-9: Import Getting Started Content] INFO  o.e.m.c.i.p.ProjectConfigurationManager - Imported and configured 1 project(s) in 32 sec
2025-07-14 18:57:11,012 [Worker-9: Import Getting Started Content] INFO  o.e.m.c.i.p.ProjectConfigurationManager - Update started
2025-07-14 18:57:12,119 [Worker-9: Import Getting Started Content] INFO  o.e.m.c.i.l.LifecycleMappingFactory - Using org.eclipse.m2e.jdt.JarLifecycleMapping lifecycle mapping for MavenProject: in.thiruit:StudentApplication:0.0.1-SNAPSHOT @ C:\Users\hp\Desktop\SBMS-01\01_POC_PROJECTS\StudentApplication\pom.xml.
2025-07-14 18:57:13,699 [Worker-9: Import Getting Started Content] INFO  o.e.m.j.i.AbstractJavaProjectConfigurator - Adding source folder /StudentApplication/src/main/java
2025-07-14 18:57:13,700 [Worker-9: Import Getting Started Content] INFO  o.e.m.j.i.AbstractJavaProjectConfigurator - Adding resource folder /StudentApplication/src/main/resources
2025-07-14 18:57:13,702 [Worker-9: Import Getting Started Content] INFO  o.e.m.j.i.AbstractJavaProjectConfigurator - Adding resource folder /StudentApplication/src/main/resources
2025-07-14 18:57:13,703 [Worker-9: Import Getting Started Content] INFO  o.e.m.j.i.AbstractJavaProjectConfigurator - Adding source folder /StudentApplication/src/test/java
2025-07-14 18:57:13,705 [Worker-9: Import Getting Started Content] INFO  o.e.m.j.i.AbstractJavaProjectConfigurator - Adding resource folder /StudentApplication/src/test/resources
2025-07-14 18:57:15,140 [Worker-9: Import Getting Started Content] INFO  o.e.m.c.i.p.ProjectConfigurationManager - Update completed for 1 poms: local refresh takes 0.00 sec, refresh facades takes 2.00 sec, update config takes 0.00 sec 
2025-07-14 18:57:17,137 [Worker-5: Building] INFO  o.a.m.s.f.DefaultMavenResourcesFiltering - Copying 1 resource from src\main\resources to target\classes
2025-07-14 18:57:17,189 [Worker-5: Building] INFO  o.a.m.s.f.DefaultMavenResourcesFiltering - Copying 0 resource from src\main\resources to target\classes
2025-07-14 18:57:17,198 [Worker-5: Building] INFO  o.a.m.s.f.DefaultMavenResourcesFiltering - skip non existing resourceDirectory C:\Users\hp\Desktop\SBMS-01\01_POC_PROJECTS\StudentApplication\src\test\resources
2025-07-14 18:58:06,433 [Worker-2: Building] INFO  o.a.m.s.f.DefaultMavenResourcesFiltering - Copying 1 resource from src\main\resources to target\classes
2025-07-14 18:58:06,440 [Worker-2: Building] INFO  o.a.m.s.f.DefaultMavenResourcesFiltering - Copying 0 resource from src\main\resources to target\classes
2025-07-14 18:58:06,448 [Worker-2: Building] INFO  o.a.m.s.f.DefaultMavenResourcesFiltering - skip non existing resourceDirectory C:\Users\hp\Desktop\SBMS-01\01_POC_PROJECTS\StudentApplication\src\test\resources
2025-07-14 18:59:09,568 [Worker-6: Building] INFO  o.a.m.s.f.DefaultMavenResourcesFiltering - Copying 1 resource from src\main\resources to target\classes
2025-07-14 18:59:09,576 [Worker-6: Building] INFO  o.a.m.s.f.DefaultMavenResourcesFiltering - Copying 0 resource from src\main\resources to target\classes
2025-07-14 18:59:09,583 [Worker-6: Building] INFO  o.a.m.s.f.DefaultMavenResourcesFiltering - skip non existing resourceDirectory C:\Users\hp\Desktop\SBMS-01\01_POC_PROJECTS\StudentApplication\src\test\resources
2025-07-14 19:00:01,094 [Worker-5: Building] INFO  o.a.m.s.f.DefaultMavenResourcesFiltering - Copying 1 resource from src\main\resources to target\classes
2025-07-14 19:00:01,107 [Worker-5: Building] INFO  o.a.m.s.f.DefaultMavenResourcesFiltering - Copying 0 resource from src\main\resources to target\classes
2025-07-14 19:00:01,149 [Worker-5: Building] INFO  o.a.m.s.f.DefaultMavenResourcesFiltering - skip non existing resourceDirectory C:\Users\hp\Desktop\SBMS-01\01_POC_PROJECTS\StudentApplication\src\test\resources
2025-07-14 19:00:19,372 [Worker-8: Building] INFO  o.a.m.s.f.DefaultMavenResourcesFiltering - Copying 1 resource from src\main\resources to target\classes
2025-07-14 19:00:19,380 [Worker-8: Building] INFO  o.a.m.s.f.DefaultMavenResourcesFiltering - Copying 0 resource from src\main\resources to target\classes
2025-07-14 19:00:19,387 [Worker-8: Building] INFO  o.a.m.s.f.DefaultMavenResourcesFiltering - skip non existing resourceDirectory C:\Users\hp\Desktop\SBMS-01\01_POC_PROJECTS\StudentApplication\src\test\resources
2025-07-14 19:00:32,245 [Worker-4: Building] INFO  o.a.m.s.f.DefaultMavenResourcesFiltering - Copying 1 resource from src\main\resources to target\classes
2025-07-14 19:00:32,252 [Worker-4: Building] INFO  o.a.m.s.f.DefaultMavenResourcesFiltering - Copying 0 resource from src\main\resources to target\classes
2025-07-14 19:00:32,258 [Worker-4: Building] INFO  o.a.m.s.f.DefaultMavenResourcesFiltering - skip non existing resourceDirectory C:\Users\hp\Desktop\SBMS-01\01_POC_PROJECTS\StudentApplication\src\test\resources
2025-07-14 19:01:07,741 [Worker-1: Building] INFO  o.a.m.s.f.DefaultMavenResourcesFiltering - Copying 1 resource from src\main\resources to target\classes
2025-07-14 19:01:07,807 [Worker-1: Building] INFO  o.a.m.s.f.DefaultMavenResourcesFiltering - Copying 0 resource from src\main\resources to target\classes
2025-07-14 19:01:07,814 [Worker-1: Building] INFO  o.a.m.s.f.DefaultMavenResourcesFiltering - skip non existing resourceDirectory C:\Users\hp\Desktop\SBMS-01\01_POC_PROJECTS\StudentApplication\src\test\resources
2025-07-14 19:01:14,414 [Worker-2: Building] INFO  o.a.m.s.f.DefaultMavenResourcesFiltering - Copying 1 resource from src\main\resources to target\classes
2025-07-14 19:01:14,429 [Worker-2: Building] INFO  o.a.m.s.f.DefaultMavenResourcesFiltering - Copying 0 resource from src\main\resources to target\classes
2025-07-14 19:01:14,437 [Worker-2: Building] INFO  o.a.m.s.f.DefaultMavenResourcesFiltering - skip non existing resourceDirectory C:\Users\hp\Desktop\SBMS-01\01_POC_PROJECTS\StudentApplication\src\test\resources
2025-07-14 19:01:28,691 [Worker-4: Building] INFO  o.a.m.s.f.DefaultMavenResourcesFiltering - Copying 1 resource from src\main\resources to target\classes
2025-07-14 19:01:28,704 [Worker-4: Building] INFO  o.a.m.s.f.DefaultMavenResourcesFiltering - Copying 0 resource from src\main\resources to target\classes
2025-07-14 19:01:28,710 [Worker-4: Building] INFO  o.a.m.s.f.DefaultMavenResourcesFiltering - skip non existing resourceDirectory C:\Users\hp\Desktop\SBMS-01\01_POC_PROJECTS\StudentApplication\src\test\resources
2025-07-14 19:01:47,610 [Worker-2: Building] INFO  o.a.m.s.f.DefaultMavenResourcesFiltering - Copying 1 resource from src\main\resources to target\classes
2025-07-14 19:01:47,618 [Worker-2: Building] INFO  o.a.m.s.f.DefaultMavenResourcesFiltering - Copying 0 resource from src\main\resources to target\classes
2025-07-14 19:01:47,625 [Worker-2: Building] INFO  o.a.m.s.f.DefaultMavenResourcesFiltering - skip non existing resourceDirectory C:\Users\hp\Desktop\SBMS-01\01_POC_PROJECTS\StudentApplication\src\test\resources
2025-07-14 19:02:02,837 [Worker-11: Building] INFO  o.a.m.s.f.DefaultMavenResourcesFiltering - Copying 1 resource from src\main\resources to target\classes
2025-07-14 19:02:02,843 [Worker-11: Building] INFO  o.a.m.s.f.DefaultMavenResourcesFiltering - Copying 0 resource from src\main\resources to target\classes
2025-07-14 19:02:02,852 [Worker-11: Building] INFO  o.a.m.s.f.DefaultMavenResourcesFiltering - skip non existing resourceDirectory C:\Users\hp\Desktop\SBMS-01\01_POC_PROJECTS\StudentApplication\src\test\resources
2025-07-14 19:02:27,922 [Worker-4: Building] INFO  o.a.m.s.f.DefaultMavenResourcesFiltering - Copying 1 resource from src\main\resources to target\classes
2025-07-14 19:02:27,929 [Worker-4: Building] INFO  o.a.m.s.f.DefaultMavenResourcesFiltering - Copying 0 resource from src\main\resources to target\classes
2025-07-14 19:02:27,943 [Worker-4: Building] INFO  o.a.m.s.f.DefaultMavenResourcesFiltering - skip non existing resourceDirectory C:\Users\hp\Desktop\SBMS-01\01_POC_PROJECTS\StudentApplication\src\test\resources
2025-07-14 19:02:37,987 [Worker-3: Building] INFO  o.a.m.s.f.DefaultMavenResourcesFiltering - Copying 1 resource from src\main\resources to target\classes
2025-07-14 19:02:37,993 [Worker-3: Building] INFO  o.a.m.s.f.DefaultMavenResourcesFiltering - Copying 0 resource from src\main\resources to target\classes
2025-07-14 19:02:37,998 [Worker-3: Building] INFO  o.a.m.s.f.DefaultMavenResourcesFiltering - skip non existing resourceDirectory C:\Users\hp\Desktop\SBMS-01\01_POC_PROJECTS\StudentApplication\src\test\resources
2025-07-14 19:03:03,097 [Worker-3: Building] INFO  o.a.m.s.f.DefaultMavenResourcesFiltering - Copying 1 resource from src\main\resources to target\classes
2025-07-14 19:03:03,103 [Worker-3: Building] INFO  o.a.m.s.f.DefaultMavenResourcesFiltering - Copying 0 resource from src\main\resources to target\classes
2025-07-14 19:03:03,109 [Worker-3: Building] INFO  o.a.m.s.f.DefaultMavenResourcesFiltering - skip non existing resourceDirectory C:\Users\hp\Desktop\SBMS-01\01_POC_PROJECTS\StudentApplication\src\test\resources
2025-07-14 19:03:15,186 [Worker-3: Building] INFO  o.a.m.s.f.DefaultMavenResourcesFiltering - Copying 1 resource from src\main\resources to target\classes
2025-07-14 19:03:15,192 [Worker-3: Building] INFO  o.a.m.s.f.DefaultMavenResourcesFiltering - Copying 0 resource from src\main\resources to target\classes
2025-07-14 19:03:15,198 [Worker-3: Building] INFO  o.a.m.s.f.DefaultMavenResourcesFiltering - skip non existing resourceDirectory C:\Users\hp\Desktop\SBMS-01\01_POC_PROJECTS\StudentApplication\src\test\resources
2025-07-14 19:04:07,203 [Worker-10: Building] INFO  o.a.m.s.f.DefaultMavenResourcesFiltering - Copying 1 resource from src\main\resources to target\classes
2025-07-14 19:04:07,210 [Worker-10: Building] INFO  o.a.m.s.f.DefaultMavenResourcesFiltering - Copying 0 resource from src\main\resources to target\classes
2025-07-14 19:04:07,216 [Worker-10: Building] INFO  o.a.m.s.f.DefaultMavenResourcesFiltering - skip non existing resourceDirectory C:\Users\hp\Desktop\SBMS-01\01_POC_PROJECTS\StudentApplication\src\test\resources
2025-07-14 19:04:09,968 [Worker-11: Building] INFO  o.a.m.s.f.DefaultMavenResourcesFiltering - Copying 1 resource from src\main\resources to target\classes
2025-07-14 19:04:09,975 [Worker-11: Building] INFO  o.a.m.s.f.DefaultMavenResourcesFiltering - Copying 0 resource from src\main\resources to target\classes
2025-07-14 19:04:09,980 [Worker-11: Building] INFO  o.a.m.s.f.DefaultMavenResourcesFiltering - skip non existing resourceDirectory C:\Users\hp\Desktop\SBMS-01\01_POC_PROJECTS\StudentApplication\src\test\resources
2025-07-14 19:04:18,670 [Worker-3: Building] INFO  o.a.m.s.f.DefaultMavenResourcesFiltering - Copying 1 resource from src\main\resources to target\classes
2025-07-14 19:04:18,678 [Worker-3: Building] INFO  o.a.m.s.f.DefaultMavenResourcesFiltering - Copying 0 resource from src\main\resources to target\classes
2025-07-14 19:04:18,683 [Worker-3: Building] INFO  o.a.m.s.f.DefaultMavenResourcesFiltering - skip non existing resourceDirectory C:\Users\hp\Desktop\SBMS-01\01_POC_PROJECTS\StudentApplication\src\test\resources
2025-07-14 19:04:20,025 [Worker-3: Building] INFO  o.a.m.s.f.DefaultMavenResourcesFiltering - Copying 1 resource from src\main\resources to target\classes
2025-07-14 19:04:20,032 [Worker-3: Building] INFO  o.a.m.s.f.DefaultMavenResourcesFiltering - Copying 0 resource from src\main\resources to target\classes
2025-07-14 19:04:20,041 [Worker-3: Building] INFO  o.a.m.s.f.DefaultMavenResourcesFiltering - skip non existing resourceDirectory C:\Users\hp\Desktop\SBMS-01\01_POC_PROJECTS\StudentApplication\src\test\resources
2025-07-14 19:05:42,583 [Worker-4: Building] INFO  o.a.m.s.f.DefaultMavenResourcesFiltering - Copying 1 resource from src\main\resources to target\classes
2025-07-14 19:05:42,593 [Worker-4: Building] INFO  o.a.m.s.f.DefaultMavenResourcesFiltering - Copying 0 resource from src\main\resources to target\classes
2025-07-14 19:05:42,599 [Worker-4: Building] INFO  o.a.m.s.f.DefaultMavenResourcesFiltering - skip non existing resourceDirectory C:\Users\hp\Desktop\SBMS-01\01_POC_PROJECTS\StudentApplication\src\test\resources
2025-07-14 19:06:17,092 [Worker-1: Building] INFO  o.a.m.s.f.DefaultMavenResourcesFiltering - Copying 1 resource from src\main\resources to target\classes
2025-07-14 19:06:17,102 [Worker-1: Building] INFO  o.a.m.s.f.DefaultMavenResourcesFiltering - Copying 0 resource from src\main\resources to target\classes
2025-07-14 19:06:17,108 [Worker-1: Building] INFO  o.a.m.s.f.DefaultMavenResourcesFiltering - skip non existing resourceDirectory C:\Users\hp\Desktop\SBMS-01\01_POC_PROJECTS\StudentApplication\src\test\resources
2025-07-14 19:06:31,568 [Worker-6: Building] INFO  o.a.m.s.f.DefaultMavenResourcesFiltering - Copying 1 resource from src\main\resources to target\classes
2025-07-14 19:06:31,578 [Worker-6: Building] INFO  o.a.m.s.f.DefaultMavenResourcesFiltering - Copying 0 resource from src\main\resources to target\classes
2025-07-14 19:06:31,584 [Worker-6: Building] INFO  o.a.m.s.f.DefaultMavenResourcesFiltering - skip non existing resourceDirectory C:\Users\hp\Desktop\SBMS-01\01_POC_PROJECTS\StudentApplication\src\test\resources
2025-07-14 19:06:39,928 [Worker-2: Building] INFO  o.a.m.s.f.DefaultMavenResourcesFiltering - Copying 1 resource from src\main\resources to target\classes
2025-07-14 19:06:39,938 [Worker-2: Building] INFO  o.a.m.s.f.DefaultMavenResourcesFiltering - Copying 0 resource from src\main\resources to target\classes
2025-07-14 19:06:39,942 [Worker-2: Building] INFO  o.a.m.s.f.DefaultMavenResourcesFiltering - skip non existing resourceDirectory C:\Users\hp\Desktop\SBMS-01\01_POC_PROJECTS\StudentApplication\src\test\resources
2025-07-14 19:06:53,760 [Worker-6: Building] INFO  o.a.m.s.f.DefaultMavenResourcesFiltering - Copying 1 resource from src\main\resources to target\classes
2025-07-14 19:06:53,767 [Worker-6: Building] INFO  o.a.m.s.f.DefaultMavenResourcesFiltering - Copying 0 resource from src\main\resources to target\classes
2025-07-14 19:06:53,779 [Worker-6: Building] INFO  o.a.m.s.f.DefaultMavenResourcesFiltering - skip non existing resourceDirectory C:\Users\hp\Desktop\SBMS-01\01_POC_PROJECTS\StudentApplication\src\test\resources
2025-07-14 19:06:55,907 [Worker-2: Building] INFO  o.a.m.s.f.DefaultMavenResourcesFiltering - Copying 1 resource from src\main\resources to target\classes
2025-07-14 19:06:55,912 [Worker-2: Building] INFO  o.a.m.s.f.DefaultMavenResourcesFiltering - Copying 0 resource from src\main\resources to target\classes
2025-07-14 19:06:55,917 [Worker-2: Building] INFO  o.a.m.s.f.DefaultMavenResourcesFiltering - skip non existing resourceDirectory C:\Users\hp\Desktop\SBMS-01\01_POC_PROJECTS\StudentApplication\src\test\resources
2025-07-14 19:07:00,831 [Worker-0: Building] INFO  o.a.m.s.f.DefaultMavenResourcesFiltering - Copying 1 resource from src\main\resources to target\classes
2025-07-14 19:07:00,837 [Worker-0: Building] INFO  o.a.m.s.f.DefaultMavenResourcesFiltering - Copying 0 resource from src\main\resources to target\classes
2025-07-14 19:07:00,842 [Worker-0: Building] INFO  o.a.m.s.f.DefaultMavenResourcesFiltering - skip non existing resourceDirectory C:\Users\hp\Desktop\SBMS-01\01_POC_PROJECTS\StudentApplication\src\test\resources
2025-07-14 19:07:50,674 [Worker-3: Building] INFO  o.a.m.s.f.DefaultMavenResourcesFiltering - Copying 1 resource from src\main\resources to target\classes
2025-07-14 19:07:50,680 [Worker-3: Building] INFO  o.a.m.s.f.DefaultMavenResourcesFiltering - Copying 0 resource from src\main\resources to target\classes
2025-07-14 19:07:50,685 [Worker-3: Building] INFO  o.a.m.s.f.DefaultMavenResourcesFiltering - skip non existing resourceDirectory C:\Users\hp\Desktop\SBMS-01\01_POC_PROJECTS\StudentApplication\src\test\resources
2025-07-14 19:08:11,262 [Worker-8: Building] INFO  o.a.m.s.f.DefaultMavenResourcesFiltering - Copying 1 resource from src\main\resources to target\classes
2025-07-14 19:08:11,267 [Worker-8: Building] INFO  o.a.m.s.f.DefaultMavenResourcesFiltering - Copying 0 resource from src\main\resources to target\classes
2025-07-14 19:08:11,271 [Worker-8: Building] INFO  o.a.m.s.f.DefaultMavenResourcesFiltering - skip non existing resourceDirectory C:\Users\hp\Desktop\SBMS-01\01_POC_PROJECTS\StudentApplication\src\test\resources
2025-07-14 19:09:17,997 [Worker-9: Building] INFO  o.a.m.s.f.DefaultMavenResourcesFiltering - Copying 1 resource from src\main\resources to target\classes
2025-07-14 19:09:18,003 [Worker-9: Building] INFO  o.a.m.s.f.DefaultMavenResourcesFiltering - Copying 0 resource from src\main\resources to target\classes
2025-07-14 19:09:18,009 [Worker-9: Building] INFO  o.a.m.s.f.DefaultMavenResourcesFiltering - skip non existing resourceDirectory C:\Users\hp\Desktop\SBMS-01\01_POC_PROJECTS\StudentApplication\src\test\resources
2025-07-14 19:09:48,857 [Worker-5: Building] INFO  o.a.m.s.f.DefaultMavenResourcesFiltering - Copying 1 resource from src\main\resources to target\classes
2025-07-14 19:09:48,864 [Worker-5: Building] INFO  o.a.m.s.f.DefaultMavenResourcesFiltering - Copying 0 resource from src\main\resources to target\classes
2025-07-14 19:09:48,870 [Worker-5: Building] INFO  o.a.m.s.f.DefaultMavenResourcesFiltering - skip non existing resourceDirectory C:\Users\hp\Desktop\SBMS-01\01_POC_PROJECTS\StudentApplication\src\test\resources
2025-07-14 19:10:08,596 [Worker-4: Building] INFO  o.a.m.s.f.DefaultMavenResourcesFiltering - Copying 1 resource from src\main\resources to target\classes
2025-07-14 19:10:08,613 [Worker-4: Building] INFO  o.a.m.s.f.DefaultMavenResourcesFiltering - Copying 0 resource from src\main\resources to target\classes
2025-07-14 19:10:08,622 [Worker-4: Building] INFO  o.a.m.s.f.DefaultMavenResourcesFiltering - skip non existing resourceDirectory C:\Users\hp\Desktop\SBMS-01\01_POC_PROJECTS\StudentApplication\src\test\resources
2025-07-14 19:10:12,407 [Worker-2: Building] INFO  o.a.m.s.f.DefaultMavenResourcesFiltering - Copying 1 resource from src\main\resources to target\classes
2025-07-14 19:10:12,414 [Worker-2: Building] INFO  o.a.m.s.f.DefaultMavenResourcesFiltering - Copying 0 resource from src\main\resources to target\classes
2025-07-14 19:10:12,419 [Worker-2: Building] INFO  o.a.m.s.f.DefaultMavenResourcesFiltering - skip non existing resourceDirectory C:\Users\hp\Desktop\SBMS-01\01_POC_PROJECTS\StudentApplication\src\test\resources
2025-07-14 19:10:43,305 [Worker-6: Building] INFO  o.a.m.s.f.DefaultMavenResourcesFiltering - Copying 1 resource from src\main\resources to target\classes
2025-07-14 19:10:43,311 [Worker-6: Building] INFO  o.a.m.s.f.DefaultMavenResourcesFiltering - Copying 0 resource from src\main\resources to target\classes
2025-07-14 19:10:43,317 [Worker-6: Building] INFO  o.a.m.s.f.DefaultMavenResourcesFiltering - skip non existing resourceDirectory C:\Users\hp\Desktop\SBMS-01\01_POC_PROJECTS\StudentApplication\src\test\resources
2025-07-14 19:10:48,366 [Worker-3: Building] INFO  o.a.m.s.f.DefaultMavenResourcesFiltering - Copying 1 resource from src\main\resources to target\classes
2025-07-14 19:10:48,371 [Worker-3: Building] INFO  o.a.m.s.f.DefaultMavenResourcesFiltering - Copying 0 resource from src\main\resources to target\classes
2025-07-14 19:10:48,376 [Worker-3: Building] INFO  o.a.m.s.f.DefaultMavenResourcesFiltering - skip non existing resourceDirectory C:\Users\hp\Desktop\SBMS-01\01_POC_PROJECTS\StudentApplication\src\test\resources
2025-07-14 19:11:12,592 [Worker-14: Building] INFO  o.a.m.s.f.DefaultMavenResourcesFiltering - Copying 1 resource from src\main\resources to target\classes
2025-07-14 19:11:12,598 [Worker-14: Building] INFO  o.a.m.s.f.DefaultMavenResourcesFiltering - Copying 0 resource from src\main\resources to target\classes
2025-07-14 19:11:12,602 [Worker-14: Building] INFO  o.a.m.s.f.DefaultMavenResourcesFiltering - skip non existing resourceDirectory C:\Users\hp\Desktop\SBMS-01\01_POC_PROJECTS\StudentApplication\src\test\resources
2025-07-14 19:11:37,582 [Worker-0: Building] INFO  o.a.m.s.f.DefaultMavenResourcesFiltering - Copying 1 resource from src\main\resources to target\classes
2025-07-14 19:11:37,586 [Worker-0: Building] INFO  o.a.m.s.f.DefaultMavenResourcesFiltering - Copying 0 resource from src\main\resources to target\classes
2025-07-14 19:11:37,591 [Worker-0: Building] INFO  o.a.m.s.f.DefaultMavenResourcesFiltering - skip non existing resourceDirectory C:\Users\hp\Desktop\SBMS-01\01_POC_PROJECTS\StudentApplication\src\test\resources
2025-07-14 19:11:45,952 [Worker-10: Building] INFO  o.a.m.s.f.DefaultMavenResourcesFiltering - Copying 1 resource from src\main\resources to target\classes
2025-07-14 19:11:45,958 [Worker-10: Building] INFO  o.a.m.s.f.DefaultMavenResourcesFiltering - Copying 0 resource from src\main\resources to target\classes
2025-07-14 19:11:45,962 [Worker-10: Building] INFO  o.a.m.s.f.DefaultMavenResourcesFiltering - skip non existing resourceDirectory C:\Users\hp\Desktop\SBMS-01\01_POC_PROJECTS\StudentApplication\src\test\resources
2025-07-14 19:12:30,865 [Worker-11: Building] INFO  o.a.m.s.f.DefaultMavenResourcesFiltering - Copying 1 resource from src\main\resources to target\classes
2025-07-14 19:12:30,873 [Worker-11: Building] INFO  o.a.m.s.f.DefaultMavenResourcesFiltering - Copying 0 resource from src\main\resources to target\classes
2025-07-14 19:12:30,880 [Worker-11: Building] INFO  o.a.m.s.f.DefaultMavenResourcesFiltering - skip non existing resourceDirectory C:\Users\hp\Desktop\SBMS-01\01_POC_PROJECTS\StudentApplication\src\test\resources
2025-07-14 19:12:58,722 [Worker-8: Building] INFO  o.a.m.s.f.DefaultMavenResourcesFiltering - Copying 1 resource from src\main\resources to target\classes
2025-07-14 19:12:58,729 [Worker-8: Building] INFO  o.a.m.s.f.DefaultMavenResourcesFiltering - Copying 0 resource from src\main\resources to target\classes
2025-07-14 19:12:58,734 [Worker-8: Building] INFO  o.a.m.s.f.DefaultMavenResourcesFiltering - skip non existing resourceDirectory C:\Users\hp\Desktop\SBMS-01\01_POC_PROJECTS\StudentApplication\src\test\resources
2025-07-14 19:13:08,663 [Worker-5: Building] INFO  o.a.m.s.f.DefaultMavenResourcesFiltering - Copying 1 resource from src\main\resources to target\classes
2025-07-14 19:13:08,667 [Worker-5: Building] INFO  o.a.m.s.f.DefaultMavenResourcesFiltering - Copying 0 resource from src\main\resources to target\classes
2025-07-14 19:13:08,671 [Worker-5: Building] INFO  o.a.m.s.f.DefaultMavenResourcesFiltering - skip non existing resourceDirectory C:\Users\hp\Desktop\SBMS-01\01_POC_PROJECTS\StudentApplication\src\test\resources
2025-07-14 19:13:53,699 [Worker-5: Building] INFO  o.a.m.s.f.DefaultMavenResourcesFiltering - Copying 1 resource from src\main\resources to target\classes
2025-07-14 19:13:53,717 [Worker-5: Building] INFO  o.a.m.s.f.DefaultMavenResourcesFiltering - Copying 0 resource from src\main\resources to target\classes
2025-07-14 19:13:53,722 [Worker-5: Building] INFO  o.a.m.s.f.DefaultMavenResourcesFiltering - skip non existing resourceDirectory C:\Users\hp\Desktop\SBMS-01\01_POC_PROJECTS\StudentApplication\src\test\resources
2025-07-14 19:14:00,448 [Worker-5: Building] INFO  o.a.m.s.f.DefaultMavenResourcesFiltering - Copying 1 resource from src\main\resources to target\classes
2025-07-14 19:14:00,454 [Worker-5: Building] INFO  o.a.m.s.f.DefaultMavenResourcesFiltering - Copying 0 resource from src\main\resources to target\classes
2025-07-14 19:14:00,460 [Worker-5: Building] INFO  o.a.m.s.f.DefaultMavenResourcesFiltering - skip non existing resourceDirectory C:\Users\hp\Desktop\SBMS-01\01_POC_PROJECTS\StudentApplication\src\test\resources
2025-07-14 19:14:10,906 [Worker-14: Building] INFO  o.a.m.s.f.DefaultMavenResourcesFiltering - Copying 1 resource from src\main\resources to target\classes
2025-07-14 19:14:10,913 [Worker-14: Building] INFO  o.a.m.s.f.DefaultMavenResourcesFiltering - Copying 0 resource from src\main\resources to target\classes
2025-07-14 19:14:10,926 [Worker-14: Building] INFO  o.a.m.s.f.DefaultMavenResourcesFiltering - skip non existing resourceDirectory C:\Users\hp\Desktop\SBMS-01\01_POC_PROJECTS\StudentApplication\src\test\resources
2025-07-14 19:14:24,796 [Worker-10: Building] INFO  o.a.m.s.f.DefaultMavenResourcesFiltering - Copying 1 resource from src\main\resources to target\classes
2025-07-14 19:14:24,802 [Worker-10: Building] INFO  o.a.m.s.f.DefaultMavenResourcesFiltering - Copying 0 resource from src\main\resources to target\classes
2025-07-14 19:14:24,807 [Worker-10: Building] INFO  o.a.m.s.f.DefaultMavenResourcesFiltering - skip non existing resourceDirectory C:\Users\hp\Desktop\SBMS-01\01_POC_PROJECTS\StudentApplication\src\test\resources
2025-07-14 19:14:36,953 [Worker-1: Building] INFO  o.a.m.s.f.DefaultMavenResourcesFiltering - Copying 1 resource from src\main\resources to target\classes
2025-07-14 19:14:36,957 [Worker-1: Building] INFO  o.a.m.s.f.DefaultMavenResourcesFiltering - Copying 0 resource from src\main\resources to target\classes
2025-07-14 19:14:36,962 [Worker-1: Building] INFO  o.a.m.s.f.DefaultMavenResourcesFiltering - skip non existing resourceDirectory C:\Users\hp\Desktop\SBMS-01\01_POC_PROJECTS\StudentApplication\src\test\resources
2025-07-14 19:15:23,331 [Worker-11: Building] INFO  o.a.m.s.f.DefaultMavenResourcesFiltering - Copying 1 resource from src\main\resources to target\classes
2025-07-14 19:15:23,341 [Worker-11: Building] INFO  o.a.m.s.f.DefaultMavenResourcesFiltering - Copying 0 resource from src\main\resources to target\classes
2025-07-14 19:15:23,346 [Worker-11: Building] INFO  o.a.m.s.f.DefaultMavenResourcesFiltering - skip non existing resourceDirectory C:\Users\hp\Desktop\SBMS-01\01_POC_PROJECTS\StudentApplication\src\test\resources
2025-07-14 19:16:28,855 [Worker-11: Building] INFO  o.a.m.s.f.DefaultMavenResourcesFiltering - Copying 1 resource from src\main\resources to target\classes
2025-07-14 19:16:28,865 [Worker-11: Building] INFO  o.a.m.s.f.DefaultMavenResourcesFiltering - Copying 0 resource from src\main\resources to target\classes
2025-07-14 19:16:28,869 [Worker-11: Building] INFO  o.a.m.s.f.DefaultMavenResourcesFiltering - skip non existing resourceDirectory C:\Users\hp\Desktop\SBMS-01\01_POC_PROJECTS\StudentApplication\src\test\resources
2025-07-14 19:18:42,544 [Worker-13: Building] INFO  o.a.m.s.f.DefaultMavenResourcesFiltering - Copying 1 resource from src\main\resources to target\classes
2025-07-14 19:18:42,555 [Worker-13: Building] INFO  o.a.m.s.f.DefaultMavenResourcesFiltering - Copying 0 resource from src\main\resources to target\classes
2025-07-14 19:18:42,560 [Worker-13: Building] INFO  o.a.m.s.f.DefaultMavenResourcesFiltering - skip non existing resourceDirectory C:\Users\hp\Desktop\SBMS-01\01_POC_PROJECTS\StudentApplication\src\test\resources
2025-07-14 19:21:54,232 [Worker-4: Building] INFO  o.a.m.s.f.DefaultMavenResourcesFiltering - Copying 1 resource from src\main\resources to target\classes
2025-07-14 19:21:54,278 [Worker-4: Building] INFO  o.a.m.s.f.DefaultMavenResourcesFiltering - Copying 0 resource from src\main\resources to target\classes
2025-07-14 19:21:54,286 [Worker-4: Building] INFO  o.a.m.s.f.DefaultMavenResourcesFiltering - skip non existing resourceDirectory C:\Users\hp\Desktop\SBMS-01\01_POC_PROJECTS\StudentApplication\src\test\resources
2025-07-14 19:24:23,850 [Worker-0: Building] INFO  o.a.m.s.f.DefaultMavenResourcesFiltering - Copying 1 resource from src\main\resources to target\classes
2025-07-14 19:24:23,857 [Worker-0: Building] INFO  o.a.m.s.f.DefaultMavenResourcesFiltering - Copying 0 resource from src\main\resources to target\classes
2025-07-14 19:24:23,862 [Worker-0: Building] INFO  o.a.m.s.f.DefaultMavenResourcesFiltering - skip non existing resourceDirectory C:\Users\hp\Desktop\SBMS-01\01_POC_PROJECTS\StudentApplication\src\test\resources
2025-07-14 19:24:43,485 [Worker-4: Building] INFO  o.a.m.s.f.DefaultMavenResourcesFiltering - Copying 1 resource from src\main\resources to target\classes
2025-07-14 19:24:43,495 [Worker-4: Building] INFO  o.a.m.s.f.DefaultMavenResourcesFiltering - Copying 0 resource from src\main\resources to target\classes
2025-07-14 19:24:43,499 [Worker-4: Building] INFO  o.a.m.s.f.DefaultMavenResourcesFiltering - skip non existing resourceDirectory C:\Users\hp\Desktop\SBMS-01\01_POC_PROJECTS\StudentApplication\src\test\resources
2025-07-14 19:25:21,666 [Worker-7: Building] INFO  o.a.m.s.f.DefaultMavenResourcesFiltering - Copying 1 resource from src\main\resources to target\classes
2025-07-14 19:25:21,677 [Worker-7: Building] INFO  o.a.m.s.f.DefaultMavenResourcesFiltering - Copying 0 resource from src\main\resources to target\classes
2025-07-14 19:25:21,682 [Worker-7: Building] INFO  o.a.m.s.f.DefaultMavenResourcesFiltering - skip non existing resourceDirectory C:\Users\hp\Desktop\SBMS-01\01_POC_PROJECTS\StudentApplication\src\test\resources
2025-07-14 19:25:32,903 [Worker-13: Building] INFO  o.a.m.s.f.DefaultMavenResourcesFiltering - Copying 1 resource from src\main\resources to target\classes
2025-07-14 19:25:32,911 [Worker-13: Building] INFO  o.a.m.s.f.DefaultMavenResourcesFiltering - Copying 0 resource from src\main\resources to target\classes
2025-07-14 19:25:32,915 [Worker-13: Building] INFO  o.a.m.s.f.DefaultMavenResourcesFiltering - skip non existing resourceDirectory C:\Users\hp\Desktop\SBMS-01\01_POC_PROJECTS\StudentApplication\src\test\resources
2025-07-14 19:25:57,347 [Worker-7: Building] INFO  o.a.m.s.f.DefaultMavenResourcesFiltering - Copying 1 resource from src\main\resources to target\classes
2025-07-14 19:25:57,361 [Worker-7: Building] INFO  o.a.m.s.f.DefaultMavenResourcesFiltering - Copying 0 resource from src\main\resources to target\classes
2025-07-14 19:25:57,366 [Worker-7: Building] INFO  o.a.m.s.f.DefaultMavenResourcesFiltering - skip non existing resourceDirectory C:\Users\hp\Desktop\SBMS-01\01_POC_PROJECTS\StudentApplication\src\test\resources
2025-07-14 19:26:00,148 [Worker-1: Building] INFO  o.a.m.s.f.DefaultMavenResourcesFiltering - Copying 1 resource from src\main\resources to target\classes
2025-07-14 19:26:00,160 [Worker-1: Building] INFO  o.a.m.s.f.DefaultMavenResourcesFiltering - Copying 0 resource from src\main\resources to target\classes
2025-07-14 19:26:00,168 [Worker-1: Building] INFO  o.a.m.s.f.DefaultMavenResourcesFiltering - skip non existing resourceDirectory C:\Users\hp\Desktop\SBMS-01\01_POC_PROJECTS\StudentApplication\src\test\resources
2025-07-14 19:26:06,121 [Worker-2: Building] INFO  o.a.m.s.f.DefaultMavenResourcesFiltering - Copying 1 resource from src\main\resources to target\classes
2025-07-14 19:26:06,132 [Worker-2: Building] INFO  o.a.m.s.f.DefaultMavenResourcesFiltering - Copying 0 resource from src\main\resources to target\classes
2025-07-14 19:26:06,137 [Worker-2: Building] INFO  o.a.m.s.f.DefaultMavenResourcesFiltering - skip non existing resourceDirectory C:\Users\hp\Desktop\SBMS-01\01_POC_PROJECTS\StudentApplication\src\test\resources
2025-07-14 20:44:44,881 [Worker-11: Building] INFO  o.a.m.s.f.DefaultMavenResourcesFiltering - Copying 1 resource from src\main\resources to target\classes
2025-07-14 20:44:44,955 [Worker-11: Building] INFO  o.a.m.s.f.DefaultMavenResourcesFiltering - Copying 0 resource from src\main\resources to target\classes
2025-07-14 20:44:44,962 [Worker-11: Building] INFO  o.a.m.s.f.DefaultMavenResourcesFiltering - skip non existing resourceDirectory C:\Users\hp\Desktop\SBMS-01\01_POC_PROJECTS\StudentApplication\src\test\resources
2025-07-14 21:03:49,218 [Worker-16: Building] INFO  o.a.m.s.f.DefaultMavenResourcesFiltering - Copying 1 resource from src\main\resources to target\classes
2025-07-14 21:03:49,277 [Worker-16: Building] INFO  o.a.m.s.f.DefaultMavenResourcesFiltering - Copying 0 resource from src\main\resources to target\classes
2025-07-14 21:03:49,284 [Worker-16: Building] INFO  o.a.m.s.f.DefaultMavenResourcesFiltering - skip non existing resourceDirectory C:\Users\hp\Desktop\SBMS-01\01_POC_PROJECTS\StudentApplication\src\test\resources
2025-07-14 21:03:57,303 [Worker-18: Building] INFO  o.a.m.s.f.DefaultMavenResourcesFiltering - Copying 1 resource from src\main\resources to target\classes
2025-07-14 21:03:57,327 [Worker-18: Building] INFO  o.a.m.s.f.DefaultMavenResourcesFiltering - Copying 0 resource from src\main\resources to target\classes
2025-07-14 21:03:57,334 [Worker-18: Building] INFO  o.a.m.s.f.DefaultMavenResourcesFiltering - skip non existing resourceDirectory C:\Users\hp\Desktop\SBMS-01\01_POC_PROJECTS\StudentApplication\src\test\resources
2025-07-14 21:04:30,914 [Worker-18: Building] INFO  o.a.m.s.f.DefaultMavenResourcesFiltering - Copying 1 resource from src\main\resources to target\classes
2025-07-14 21:04:30,947 [Worker-18: Building] INFO  o.a.m.s.f.DefaultMavenResourcesFiltering - Copying 0 resource from src\main\resources to target\classes
2025-07-14 21:04:30,959 [Worker-18: Building] INFO  o.a.m.s.f.DefaultMavenResourcesFiltering - skip non existing resourceDirectory C:\Users\hp\Desktop\SBMS-01\01_POC_PROJECTS\StudentApplication\src\test\resources
2025-07-15 07:56:10,166 [Worker-1: Loading available Gradle versions] INFO  o.e.b.c.i.u.g.PublishedGradleVersions - Gradle version information cache is up-to-date. Trying to read.
2025-07-15 07:57:11,815 [Worker-5: Building] INFO  o.a.m.s.f.DefaultMavenResourcesFiltering - Copying 1 resource from src\main\resources to target\classes
2025-07-15 07:57:11,872 [Worker-5: Building] INFO  o.a.m.s.f.DefaultMavenResourcesFiltering - Copying 0 resource from src\main\resources to target\classes
2025-07-15 07:57:11,884 [Worker-5: Building] INFO  o.a.m.s.f.DefaultMavenResourcesFiltering - skip non existing resourceDirectory C:\Users\hp\Desktop\SBMS-01\01_POC_PROJECTS\StudentApplication\src\test\resources
2025-07-15 08:00:34,297 [Worker-8: Building] INFO  o.a.m.s.f.DefaultMavenResourcesFiltering - Copying 1 resource from src\main\resources to target\classes
2025-07-15 08:00:34,307 [Worker-8: Building] INFO  o.a.m.s.f.DefaultMavenResourcesFiltering - Copying 0 resource from src\main\resources to target\classes
2025-07-15 08:00:34,314 [Worker-8: Building] INFO  o.a.m.s.f.DefaultMavenResourcesFiltering - skip non existing resourceDirectory C:\Users\hp\Desktop\SBMS-01\01_POC_PROJECTS\StudentApplication\src\test\resources
2025-07-15 19:01:32,296 [Worker-0: Loading available Gradle versions] INFO  o.e.b.c.i.u.g.PublishedGradleVersions - Gradle version information cache is out-of-date. Trying to update.
2025-07-15 21:33:52,512 [main] INFO  o.e.m2e.actions.ExecutePomAction - Creating new launch configuration
2025-07-15 21:34:52,616 [Worker-17: Launching StudentApplication] INFO  o.eclipse.m2e.core.internal.Bundles - getClasspathEntries(Bundle=org.eclipse.m2e.maven.runtime_3.9.900.20240824-1409 [364])
2025-07-15 21:34:52,620 [Worker-17: Launching StudentApplication] INFO  o.eclipse.m2e.core.internal.Bundles - 	Entry: D:\sts-4.28.0.RELEASE\plugins\org.eclipse.m2e.maven.runtime_3.9.900.20240824-1409
2025-07-15 21:34:52,621 [Worker-17: Launching StudentApplication] INFO  o.eclipse.m2e.core.internal.Bundles - 	Entry: D:\sts-4.28.0.RELEASE\plugins\org.eclipse.m2e.maven.runtime_3.9.900.20240824-1409\jars\aopalliance-1.0.jar
2025-07-15 21:34:52,623 [Worker-17: Launching StudentApplication] INFO  o.eclipse.m2e.core.internal.Bundles - 	Entry: D:\sts-4.28.0.RELEASE\plugins\org.eclipse.m2e.maven.runtime_3.9.900.20240824-1409\jars\guice-5.1.0.jar
2025-07-15 21:34:52,624 [Worker-17: Launching StudentApplication] INFO  o.eclipse.m2e.core.internal.Bundles - 	Entry: D:\sts-4.28.0.RELEASE\plugins\org.eclipse.m2e.maven.runtime_3.9.900.20240824-1409\jars\httpclient-4.5.14.jar
2025-07-15 21:34:52,624 [Worker-17: Launching StudentApplication] INFO  o.eclipse.m2e.core.internal.Bundles - 	Entry: D:\sts-4.28.0.RELEASE\plugins\org.eclipse.m2e.maven.runtime_3.9.900.20240824-1409\jars\httpcore-4.4.16.jar
2025-07-15 21:34:52,625 [Worker-17: Launching StudentApplication] INFO  o.eclipse.m2e.core.internal.Bundles - 	Entry: D:\sts-4.28.0.RELEASE\plugins\org.eclipse.m2e.maven.runtime_3.9.900.20240824-1409\jars\jansi-2.4.1.jar
2025-07-15 21:34:52,625 [Worker-17: Launching StudentApplication] INFO  o.eclipse.m2e.core.internal.Bundles - 	Entry: D:\sts-4.28.0.RELEASE\plugins\org.eclipse.m2e.maven.runtime_3.9.900.20240824-1409\jars\jcl-over-slf4j-1.7.36.jar
2025-07-15 21:34:52,625 [Worker-17: Launching StudentApplication] INFO  o.eclipse.m2e.core.internal.Bundles - 	Entry: D:\sts-4.28.0.RELEASE\plugins\org.eclipse.m2e.maven.runtime_3.9.900.20240824-1409\jars\maven-artifact-3.9.9.jar
2025-07-15 21:34:52,626 [Worker-17: Launching StudentApplication] INFO  o.eclipse.m2e.core.internal.Bundles - 	Entry: D:\sts-4.28.0.RELEASE\plugins\org.eclipse.m2e.maven.runtime_3.9.900.20240824-1409\jars\maven-builder-support-3.9.9.jar
2025-07-15 21:34:52,626 [Worker-17: Launching StudentApplication] INFO  o.eclipse.m2e.core.internal.Bundles - 	Entry: D:\sts-4.28.0.RELEASE\plugins\org.eclipse.m2e.maven.runtime_3.9.900.20240824-1409\jars\maven-compat-3.9.9.jar
2025-07-15 21:34:52,626 [Worker-17: Launching StudentApplication] INFO  o.eclipse.m2e.core.internal.Bundles - 	Entry: D:\sts-4.28.0.RELEASE\plugins\org.eclipse.m2e.maven.runtime_3.9.900.20240824-1409\jars\maven-core-3.9.9.jar
2025-07-15 21:34:52,626 [Worker-17: Launching StudentApplication] INFO  o.eclipse.m2e.core.internal.Bundles - 	Entry: D:\sts-4.28.0.RELEASE\plugins\org.eclipse.m2e.maven.runtime_3.9.900.20240824-1409\jars\maven-embedder-3.9.9.jar
2025-07-15 21:34:52,627 [Worker-17: Launching StudentApplication] INFO  o.eclipse.m2e.core.internal.Bundles - 	Entry: D:\sts-4.28.0.RELEASE\plugins\org.eclipse.m2e.maven.runtime_3.9.900.20240824-1409\jars\maven-model-3.9.9.jar
2025-07-15 21:34:52,627 [Worker-17: Launching StudentApplication] INFO  o.eclipse.m2e.core.internal.Bundles - 	Entry: D:\sts-4.28.0.RELEASE\plugins\org.eclipse.m2e.maven.runtime_3.9.900.20240824-1409\jars\maven-model-builder-3.9.9.jar
2025-07-15 21:34:52,627 [Worker-17: Launching StudentApplication] INFO  o.eclipse.m2e.core.internal.Bundles - 	Entry: D:\sts-4.28.0.RELEASE\plugins\org.eclipse.m2e.maven.runtime_3.9.900.20240824-1409\jars\maven-plugin-api-3.9.9.jar
2025-07-15 21:34:52,627 [Worker-17: Launching StudentApplication] INFO  o.eclipse.m2e.core.internal.Bundles - 	Entry: D:\sts-4.28.0.RELEASE\plugins\org.eclipse.m2e.maven.runtime_3.9.900.20240824-1409\jars\maven-repository-metadata-3.9.9.jar
2025-07-15 21:34:52,628 [Worker-17: Launching StudentApplication] INFO  o.eclipse.m2e.core.internal.Bundles - 	Entry: D:\sts-4.28.0.RELEASE\plugins\org.eclipse.m2e.maven.runtime_3.9.900.20240824-1409\jars\maven-resolver-api-1.9.22.jar
2025-07-15 21:34:52,628 [Worker-17: Launching StudentApplication] INFO  o.eclipse.m2e.core.internal.Bundles - 	Entry: D:\sts-4.28.0.RELEASE\plugins\org.eclipse.m2e.maven.runtime_3.9.900.20240824-1409\jars\maven-resolver-connector-basic-1.9.22.jar
2025-07-15 21:34:52,628 [Worker-17: Launching StudentApplication] INFO  o.eclipse.m2e.core.internal.Bundles - 	Entry: D:\sts-4.28.0.RELEASE\plugins\org.eclipse.m2e.maven.runtime_3.9.900.20240824-1409\jars\maven-resolver-impl-1.9.22.jar
2025-07-15 21:34:52,629 [Worker-17: Launching StudentApplication] INFO  o.eclipse.m2e.core.internal.Bundles - 	Entry: D:\sts-4.28.0.RELEASE\plugins\org.eclipse.m2e.maven.runtime_3.9.900.20240824-1409\jars\maven-resolver-named-locks-1.9.22.jar
2025-07-15 21:34:52,629 [Worker-17: Launching StudentApplication] INFO  o.eclipse.m2e.core.internal.Bundles - 	Entry: D:\sts-4.28.0.RELEASE\plugins\org.eclipse.m2e.maven.runtime_3.9.900.20240824-1409\jars\maven-resolver-provider-3.9.9.jar
2025-07-15 21:34:52,629 [Worker-17: Launching StudentApplication] INFO  o.eclipse.m2e.core.internal.Bundles - 	Entry: D:\sts-4.28.0.RELEASE\plugins\org.eclipse.m2e.maven.runtime_3.9.900.20240824-1409\jars\maven-resolver-spi-1.9.22.jar
2025-07-15 21:34:52,630 [Worker-17: Launching StudentApplication] INFO  o.eclipse.m2e.core.internal.Bundles - 	Entry: D:\sts-4.28.0.RELEASE\plugins\org.eclipse.m2e.maven.runtime_3.9.900.20240824-1409\jars\maven-resolver-transport-file-1.9.22.jar
2025-07-15 21:34:52,630 [Worker-17: Launching StudentApplication] INFO  o.eclipse.m2e.core.internal.Bundles - 	Entry: D:\sts-4.28.0.RELEASE\plugins\org.eclipse.m2e.maven.runtime_3.9.900.20240824-1409\jars\maven-resolver-transport-http-1.9.22.jar
2025-07-15 21:34:52,630 [Worker-17: Launching StudentApplication] INFO  o.eclipse.m2e.core.internal.Bundles - 	Entry: D:\sts-4.28.0.RELEASE\plugins\org.eclipse.m2e.maven.runtime_3.9.900.20240824-1409\jars\maven-resolver-transport-wagon-1.9.22.jar
2025-07-15 21:34:52,630 [Worker-17: Launching StudentApplication] INFO  o.eclipse.m2e.core.internal.Bundles - 	Entry: D:\sts-4.28.0.RELEASE\plugins\org.eclipse.m2e.maven.runtime_3.9.900.20240824-1409\jars\maven-resolver-util-1.9.22.jar
2025-07-15 21:34:52,631 [Worker-17: Launching StudentApplication] INFO  o.eclipse.m2e.core.internal.Bundles - 	Entry: D:\sts-4.28.0.RELEASE\plugins\org.eclipse.m2e.maven.runtime_3.9.900.20240824-1409\jars\maven-settings-3.9.9.jar
2025-07-15 21:34:52,631 [Worker-17: Launching StudentApplication] INFO  o.eclipse.m2e.core.internal.Bundles - 	Entry: D:\sts-4.28.0.RELEASE\plugins\org.eclipse.m2e.maven.runtime_3.9.900.20240824-1409\jars\maven-settings-builder-3.9.9.jar
2025-07-15 21:34:52,631 [Worker-17: Launching StudentApplication] INFO  o.eclipse.m2e.core.internal.Bundles - 	Entry: D:\sts-4.28.0.RELEASE\plugins\org.eclipse.m2e.maven.runtime_3.9.900.20240824-1409\jars\maven-shared-utils-3.4.2.jar
2025-07-15 21:34:52,632 [Worker-17: Launching StudentApplication] INFO  o.eclipse.m2e.core.internal.Bundles - 	Entry: D:\sts-4.28.0.RELEASE\plugins\org.eclipse.m2e.maven.runtime_3.9.900.20240824-1409\jars\org.eclipse.sisu.inject-0.9.0.M3.jar
2025-07-15 21:34:52,632 [Worker-17: Launching StudentApplication] INFO  o.eclipse.m2e.core.internal.Bundles - 	Entry: D:\sts-4.28.0.RELEASE\plugins\org.eclipse.m2e.maven.runtime_3.9.900.20240824-1409\jars\org.eclipse.sisu.plexus-0.9.0.M3.jar
2025-07-15 21:34:52,632 [Worker-17: Launching StudentApplication] INFO  o.eclipse.m2e.core.internal.Bundles - 	Entry: D:\sts-4.28.0.RELEASE\plugins\org.eclipse.m2e.maven.runtime_3.9.900.20240824-1409\jars\plexus-build-api-0.0.7.jar
2025-07-15 21:34:52,632 [Worker-17: Launching StudentApplication] INFO  o.eclipse.m2e.core.internal.Bundles - 	Entry: D:\sts-4.28.0.RELEASE\plugins\org.eclipse.m2e.maven.runtime_3.9.900.20240824-1409\jars\plexus-build-api-1.2.0.jar
2025-07-15 21:34:52,633 [Worker-17: Launching StudentApplication] INFO  o.eclipse.m2e.core.internal.Bundles - 	Entry: D:\sts-4.28.0.RELEASE\plugins\org.eclipse.m2e.maven.runtime_3.9.900.20240824-1409\jars\plexus-cipher-2.0.jar
2025-07-15 21:34:52,633 [Worker-17: Launching StudentApplication] INFO  o.eclipse.m2e.core.internal.Bundles - 	Entry: D:\sts-4.28.0.RELEASE\plugins\org.eclipse.m2e.maven.runtime_3.9.900.20240824-1409\jars\plexus-classworlds-2.8.0.jar
2025-07-15 21:34:52,633 [Worker-17: Launching StudentApplication] INFO  o.eclipse.m2e.core.internal.Bundles - 	Entry: D:\sts-4.28.0.RELEASE\plugins\org.eclipse.m2e.maven.runtime_3.9.900.20240824-1409\jars\plexus-component-annotations-2.1.0.jar
2025-07-15 21:34:52,634 [Worker-17: Launching StudentApplication] INFO  o.eclipse.m2e.core.internal.Bundles - 	Entry: D:\sts-4.28.0.RELEASE\plugins\org.eclipse.m2e.maven.runtime_3.9.900.20240824-1409\jars\plexus-interpolation-1.27.jar
2025-07-15 21:34:52,634 [Worker-17: Launching StudentApplication] INFO  o.eclipse.m2e.core.internal.Bundles - 	Entry: D:\sts-4.28.0.RELEASE\plugins\org.eclipse.m2e.maven.runtime_3.9.900.20240824-1409\jars\plexus-sec-dispatcher-2.0.jar
2025-07-15 21:34:52,634 [Worker-17: Launching StudentApplication] INFO  o.eclipse.m2e.core.internal.Bundles - 	Entry: D:\sts-4.28.0.RELEASE\plugins\org.eclipse.m2e.maven.runtime_3.9.900.20240824-1409\jars\plexus-utils-3.5.1.jar
2025-07-15 21:34:52,635 [Worker-17: Launching StudentApplication] INFO  o.eclipse.m2e.core.internal.Bundles - 	Entry: D:\sts-4.28.0.RELEASE\plugins\org.eclipse.m2e.maven.runtime_3.9.900.20240824-1409\jars\plexus-xml-3.0.1.jar
2025-07-15 21:34:52,636 [Worker-17: Launching StudentApplication] INFO  o.eclipse.m2e.core.internal.Bundles - 	Entry: D:\sts-4.28.0.RELEASE\plugins\org.eclipse.m2e.maven.runtime_3.9.900.20240824-1409\jars\wagon-file-3.5.3.jar
2025-07-15 21:34:52,636 [Worker-17: Launching StudentApplication] INFO  o.eclipse.m2e.core.internal.Bundles - 	Entry: D:\sts-4.28.0.RELEASE\plugins\org.eclipse.m2e.maven.runtime_3.9.900.20240824-1409\jars\wagon-http-3.5.3.jar
2025-07-15 21:34:52,636 [Worker-17: Launching StudentApplication] INFO  o.eclipse.m2e.core.internal.Bundles - 	Entry: D:\sts-4.28.0.RELEASE\plugins\org.eclipse.m2e.maven.runtime_3.9.900.20240824-1409\jars\wagon-http-shared-3.5.3.jar
2025-07-15 21:34:52,637 [Worker-17: Launching StudentApplication] INFO  o.eclipse.m2e.core.internal.Bundles - 	Entry: D:\sts-4.28.0.RELEASE\plugins\org.eclipse.m2e.maven.runtime_3.9.900.20240824-1409\jars\wagon-provider-api-3.5.3.jar
2025-07-15 21:34:52,640 [Worker-17: Launching StudentApplication] INFO  o.eclipse.m2e.core.internal.Bundles - getClasspathEntries(Bundle=com.google.guava_33.3.1.jre [29])
2025-07-15 21:34:52,641 [Worker-17: Launching StudentApplication] INFO  o.eclipse.m2e.core.internal.Bundles - 	Entry: D:\sts-4.28.0.RELEASE\plugins\com.google.guava_33.3.1.jre.jar
2025-07-15 21:34:52,641 [Worker-17: Launching StudentApplication] INFO  o.eclipse.m2e.core.internal.Bundles - getClasspathEntries(Bundle=slf4j.api_2.0.16 [615])
2025-07-15 21:34:52,641 [Worker-17: Launching StudentApplication] INFO  o.eclipse.m2e.core.internal.Bundles - 	Entry: D:\sts-4.28.0.RELEASE\plugins\slf4j.api_2.0.16.jar
2025-07-15 21:34:52,642 [Worker-17: Launching StudentApplication] INFO  o.eclipse.m2e.core.internal.Bundles - getClasspathEntries(Bundle=jakarta.inject.jakarta.inject-api_1.0.5 [45])
2025-07-15 21:34:52,642 [Worker-17: Launching StudentApplication] INFO  o.eclipse.m2e.core.internal.Bundles - 	Entry: D:\sts-4.28.0.RELEASE\plugins\jakarta.inject.jakarta.inject-api_1.0.5.jar
2025-07-15 21:34:52,642 [Worker-17: Launching StudentApplication] INFO  o.eclipse.m2e.core.internal.Bundles - getClasspathEntries(Bundle=jakarta.annotation-api_1.3.5 [41])
2025-07-15 21:34:52,643 [Worker-17: Launching StudentApplication] INFO  o.eclipse.m2e.core.internal.Bundles - 	Entry: D:\sts-4.28.0.RELEASE\plugins\jakarta.annotation-api_1.3.5.jar
2025-07-15 21:34:52,643 [Worker-17: Launching StudentApplication] INFO  o.eclipse.m2e.core.internal.Bundles - getClasspathEntries(Bundle=org.apache.commons.cli_1.9.0 [78])
2025-07-15 21:34:52,643 [Worker-17: Launching StudentApplication] INFO  o.eclipse.m2e.core.internal.Bundles - 	Entry: D:\sts-4.28.0.RELEASE\plugins\org.apache.commons.cli_1.9.0.jar
2025-07-15 21:34:52,643 [Worker-17: Launching StudentApplication] INFO  o.eclipse.m2e.core.internal.Bundles - getClasspathEntries(Bundle=org.apache.commons.commons-codec_1.16.0 [81])
2025-07-15 21:34:52,644 [Worker-17: Launching StudentApplication] INFO  o.eclipse.m2e.core.internal.Bundles - 	Entry: D:\sts-4.28.0.RELEASE\plugins\org.apache.commons.commons-codec_1.16.0.jar
2025-07-15 21:34:52,644 [Worker-17: Launching StudentApplication] INFO  o.eclipse.m2e.core.internal.Bundles - getClasspathEntries(Bundle=com.google.guava.failureaccess_1.0.2 [30])
2025-07-15 21:34:52,644 [Worker-17: Launching StudentApplication] INFO  o.eclipse.m2e.core.internal.Bundles - 	Entry: D:\sts-4.28.0.RELEASE\plugins\com.google.guava.failureaccess_1.0.2.jar
2025-07-15 21:34:52,650 [Worker-17: Launching StudentApplication] INFO  o.e.m.i.launch.MavenLaunchDelegate - Run build in "C:\Users\hp\Desktop\SBMS-01\01_POC_PROJECTS\StudentApplication":
2025-07-15 21:34:52,651 [Worker-17: Launching StudentApplication] INFO  o.e.m.i.launch.MavenLaunchDelegate -  mvn  -Ppom.xml -B -Dstyle.color=always clean package
2025-07-15 21:42:39,143 [main] INFO  o.e.m2e.actions.ExecutePomAction - Creating new launch configuration
2025-07-15 21:42:52,694 [Worker-8: Launching StudentApplication (1)] INFO  o.eclipse.m2e.core.internal.Bundles - getClasspathEntries(Bundle=org.eclipse.m2e.maven.runtime_3.9.900.20240824-1409 [364])
2025-07-15 21:42:52,695 [Worker-8: Launching StudentApplication (1)] INFO  o.eclipse.m2e.core.internal.Bundles - 	Entry: D:\sts-4.28.0.RELEASE\plugins\org.eclipse.m2e.maven.runtime_3.9.900.20240824-1409
2025-07-15 21:42:52,696 [Worker-8: Launching StudentApplication (1)] INFO  o.eclipse.m2e.core.internal.Bundles - 	Entry: D:\sts-4.28.0.RELEASE\plugins\org.eclipse.m2e.maven.runtime_3.9.900.20240824-1409\jars\aopalliance-1.0.jar
2025-07-15 21:42:52,697 [Worker-8: Launching StudentApplication (1)] INFO  o.eclipse.m2e.core.internal.Bundles - 	Entry: D:\sts-4.28.0.RELEASE\plugins\org.eclipse.m2e.maven.runtime_3.9.900.20240824-1409\jars\guice-5.1.0.jar
2025-07-15 21:42:52,698 [Worker-8: Launching StudentApplication (1)] INFO  o.eclipse.m2e.core.internal.Bundles - 	Entry: D:\sts-4.28.0.RELEASE\plugins\org.eclipse.m2e.maven.runtime_3.9.900.20240824-1409\jars\httpclient-4.5.14.jar
2025-07-15 21:42:52,698 [Worker-8: Launching StudentApplication (1)] INFO  o.eclipse.m2e.core.internal.Bundles - 	Entry: D:\sts-4.28.0.RELEASE\plugins\org.eclipse.m2e.maven.runtime_3.9.900.20240824-1409\jars\httpcore-4.4.16.jar
2025-07-15 21:42:52,701 [Worker-8: Launching StudentApplication (1)] INFO  o.eclipse.m2e.core.internal.Bundles - 	Entry: D:\sts-4.28.0.RELEASE\plugins\org.eclipse.m2e.maven.runtime_3.9.900.20240824-1409\jars\jansi-2.4.1.jar
2025-07-15 21:42:52,702 [Worker-8: Launching StudentApplication (1)] INFO  o.eclipse.m2e.core.internal.Bundles - 	Entry: D:\sts-4.28.0.RELEASE\plugins\org.eclipse.m2e.maven.runtime_3.9.900.20240824-1409\jars\jcl-over-slf4j-1.7.36.jar
2025-07-15 21:42:52,703 [Worker-8: Launching StudentApplication (1)] INFO  o.eclipse.m2e.core.internal.Bundles - 	Entry: D:\sts-4.28.0.RELEASE\plugins\org.eclipse.m2e.maven.runtime_3.9.900.20240824-1409\jars\maven-artifact-3.9.9.jar
2025-07-15 21:42:52,705 [Worker-8: Launching StudentApplication (1)] INFO  o.eclipse.m2e.core.internal.Bundles - 	Entry: D:\sts-4.28.0.RELEASE\plugins\org.eclipse.m2e.maven.runtime_3.9.900.20240824-1409\jars\maven-builder-support-3.9.9.jar
2025-07-15 21:42:52,706 [Worker-8: Launching StudentApplication (1)] INFO  o.eclipse.m2e.core.internal.Bundles - 	Entry: D:\sts-4.28.0.RELEASE\plugins\org.eclipse.m2e.maven.runtime_3.9.900.20240824-1409\jars\maven-compat-3.9.9.jar
2025-07-15 21:42:52,706 [Worker-8: Launching StudentApplication (1)] INFO  o.eclipse.m2e.core.internal.Bundles - 	Entry: D:\sts-4.28.0.RELEASE\plugins\org.eclipse.m2e.maven.runtime_3.9.900.20240824-1409\jars\maven-core-3.9.9.jar
2025-07-15 21:42:52,706 [Worker-8: Launching StudentApplication (1)] INFO  o.eclipse.m2e.core.internal.Bundles - 	Entry: D:\sts-4.28.0.RELEASE\plugins\org.eclipse.m2e.maven.runtime_3.9.900.20240824-1409\jars\maven-embedder-3.9.9.jar
2025-07-15 21:42:52,707 [Worker-8: Launching StudentApplication (1)] INFO  o.eclipse.m2e.core.internal.Bundles - 	Entry: D:\sts-4.28.0.RELEASE\plugins\org.eclipse.m2e.maven.runtime_3.9.900.20240824-1409\jars\maven-model-3.9.9.jar
2025-07-15 21:42:52,707 [Worker-8: Launching StudentApplication (1)] INFO  o.eclipse.m2e.core.internal.Bundles - 	Entry: D:\sts-4.28.0.RELEASE\plugins\org.eclipse.m2e.maven.runtime_3.9.900.20240824-1409\jars\maven-model-builder-3.9.9.jar
2025-07-15 21:42:52,708 [Worker-8: Launching StudentApplication (1)] INFO  o.eclipse.m2e.core.internal.Bundles - 	Entry: D:\sts-4.28.0.RELEASE\plugins\org.eclipse.m2e.maven.runtime_3.9.900.20240824-1409\jars\maven-plugin-api-3.9.9.jar
2025-07-15 21:42:52,708 [Worker-8: Launching StudentApplication (1)] INFO  o.eclipse.m2e.core.internal.Bundles - 	Entry: D:\sts-4.28.0.RELEASE\plugins\org.eclipse.m2e.maven.runtime_3.9.900.20240824-1409\jars\maven-repository-metadata-3.9.9.jar
2025-07-15 21:42:52,708 [Worker-8: Launching StudentApplication (1)] INFO  o.eclipse.m2e.core.internal.Bundles - 	Entry: D:\sts-4.28.0.RELEASE\plugins\org.eclipse.m2e.maven.runtime_3.9.900.20240824-1409\jars\maven-resolver-api-1.9.22.jar
2025-07-15 21:42:52,708 [Worker-8: Launching StudentApplication (1)] INFO  o.eclipse.m2e.core.internal.Bundles - 	Entry: D:\sts-4.28.0.RELEASE\plugins\org.eclipse.m2e.maven.runtime_3.9.900.20240824-1409\jars\maven-resolver-connector-basic-1.9.22.jar
2025-07-15 21:42:52,710 [Worker-8: Launching StudentApplication (1)] INFO  o.eclipse.m2e.core.internal.Bundles - 	Entry: D:\sts-4.28.0.RELEASE\plugins\org.eclipse.m2e.maven.runtime_3.9.900.20240824-1409\jars\maven-resolver-impl-1.9.22.jar
2025-07-15 21:42:52,711 [Worker-8: Launching StudentApplication (1)] INFO  o.eclipse.m2e.core.internal.Bundles - 	Entry: D:\sts-4.28.0.RELEASE\plugins\org.eclipse.m2e.maven.runtime_3.9.900.20240824-1409\jars\maven-resolver-named-locks-1.9.22.jar
2025-07-15 21:42:52,718 [Worker-8: Launching StudentApplication (1)] INFO  o.eclipse.m2e.core.internal.Bundles - 	Entry: D:\sts-4.28.0.RELEASE\plugins\org.eclipse.m2e.maven.runtime_3.9.900.20240824-1409\jars\maven-resolver-provider-3.9.9.jar
2025-07-15 21:42:52,721 [Worker-8: Launching StudentApplication (1)] INFO  o.eclipse.m2e.core.internal.Bundles - 	Entry: D:\sts-4.28.0.RELEASE\plugins\org.eclipse.m2e.maven.runtime_3.9.900.20240824-1409\jars\maven-resolver-spi-1.9.22.jar
2025-07-15 21:42:52,721 [Worker-8: Launching StudentApplication (1)] INFO  o.eclipse.m2e.core.internal.Bundles - 	Entry: D:\sts-4.28.0.RELEASE\plugins\org.eclipse.m2e.maven.runtime_3.9.900.20240824-1409\jars\maven-resolver-transport-file-1.9.22.jar
2025-07-15 21:42:52,721 [Worker-8: Launching StudentApplication (1)] INFO  o.eclipse.m2e.core.internal.Bundles - 	Entry: D:\sts-4.28.0.RELEASE\plugins\org.eclipse.m2e.maven.runtime_3.9.900.20240824-1409\jars\maven-resolver-transport-http-1.9.22.jar
2025-07-15 21:42:52,722 [Worker-8: Launching StudentApplication (1)] INFO  o.eclipse.m2e.core.internal.Bundles - 	Entry: D:\sts-4.28.0.RELEASE\plugins\org.eclipse.m2e.maven.runtime_3.9.900.20240824-1409\jars\maven-resolver-transport-wagon-1.9.22.jar
2025-07-15 21:42:52,722 [Worker-8: Launching StudentApplication (1)] INFO  o.eclipse.m2e.core.internal.Bundles - 	Entry: D:\sts-4.28.0.RELEASE\plugins\org.eclipse.m2e.maven.runtime_3.9.900.20240824-1409\jars\maven-resolver-util-1.9.22.jar
2025-07-15 21:42:52,724 [Worker-8: Launching StudentApplication (1)] INFO  o.eclipse.m2e.core.internal.Bundles - 	Entry: D:\sts-4.28.0.RELEASE\plugins\org.eclipse.m2e.maven.runtime_3.9.900.20240824-1409\jars\maven-settings-3.9.9.jar
2025-07-15 21:42:52,724 [Worker-8: Launching StudentApplication (1)] INFO  o.eclipse.m2e.core.internal.Bundles - 	Entry: D:\sts-4.28.0.RELEASE\plugins\org.eclipse.m2e.maven.runtime_3.9.900.20240824-1409\jars\maven-settings-builder-3.9.9.jar
2025-07-15 21:42:52,724 [Worker-8: Launching StudentApplication (1)] INFO  o.eclipse.m2e.core.internal.Bundles - 	Entry: D:\sts-4.28.0.RELEASE\plugins\org.eclipse.m2e.maven.runtime_3.9.900.20240824-1409\jars\maven-shared-utils-3.4.2.jar
2025-07-15 21:42:52,726 [Worker-8: Launching StudentApplication (1)] INFO  o.eclipse.m2e.core.internal.Bundles - 	Entry: D:\sts-4.28.0.RELEASE\plugins\org.eclipse.m2e.maven.runtime_3.9.900.20240824-1409\jars\org.eclipse.sisu.inject-0.9.0.M3.jar
2025-07-15 21:42:52,727 [Worker-8: Launching StudentApplication (1)] INFO  o.eclipse.m2e.core.internal.Bundles - 	Entry: D:\sts-4.28.0.RELEASE\plugins\org.eclipse.m2e.maven.runtime_3.9.900.20240824-1409\jars\org.eclipse.sisu.plexus-0.9.0.M3.jar
2025-07-15 21:42:52,730 [Worker-8: Launching StudentApplication (1)] INFO  o.eclipse.m2e.core.internal.Bundles - 	Entry: D:\sts-4.28.0.RELEASE\plugins\org.eclipse.m2e.maven.runtime_3.9.900.20240824-1409\jars\plexus-build-api-0.0.7.jar
2025-07-15 21:42:52,734 [Worker-8: Launching StudentApplication (1)] INFO  o.eclipse.m2e.core.internal.Bundles - 	Entry: D:\sts-4.28.0.RELEASE\plugins\org.eclipse.m2e.maven.runtime_3.9.900.20240824-1409\jars\plexus-build-api-1.2.0.jar
2025-07-15 21:42:52,736 [Worker-8: Launching StudentApplication (1)] INFO  o.eclipse.m2e.core.internal.Bundles - 	Entry: D:\sts-4.28.0.RELEASE\plugins\org.eclipse.m2e.maven.runtime_3.9.900.20240824-1409\jars\plexus-cipher-2.0.jar
2025-07-15 21:42:52,736 [Worker-8: Launching StudentApplication (1)] INFO  o.eclipse.m2e.core.internal.Bundles - 	Entry: D:\sts-4.28.0.RELEASE\plugins\org.eclipse.m2e.maven.runtime_3.9.900.20240824-1409\jars\plexus-classworlds-2.8.0.jar
2025-07-15 21:42:52,737 [Worker-8: Launching StudentApplication (1)] INFO  o.eclipse.m2e.core.internal.Bundles - 	Entry: D:\sts-4.28.0.RELEASE\plugins\org.eclipse.m2e.maven.runtime_3.9.900.20240824-1409\jars\plexus-component-annotations-2.1.0.jar
2025-07-15 21:42:52,739 [Worker-8: Launching StudentApplication (1)] INFO  o.eclipse.m2e.core.internal.Bundles - 	Entry: D:\sts-4.28.0.RELEASE\plugins\org.eclipse.m2e.maven.runtime_3.9.900.20240824-1409\jars\plexus-interpolation-1.27.jar
2025-07-15 21:42:52,740 [Worker-8: Launching StudentApplication (1)] INFO  o.eclipse.m2e.core.internal.Bundles - 	Entry: D:\sts-4.28.0.RELEASE\plugins\org.eclipse.m2e.maven.runtime_3.9.900.20240824-1409\jars\plexus-sec-dispatcher-2.0.jar
2025-07-15 21:42:52,741 [Worker-8: Launching StudentApplication (1)] INFO  o.eclipse.m2e.core.internal.Bundles - 	Entry: D:\sts-4.28.0.RELEASE\plugins\org.eclipse.m2e.maven.runtime_3.9.900.20240824-1409\jars\plexus-utils-3.5.1.jar
2025-07-15 21:42:52,742 [Worker-8: Launching StudentApplication (1)] INFO  o.eclipse.m2e.core.internal.Bundles - 	Entry: D:\sts-4.28.0.RELEASE\plugins\org.eclipse.m2e.maven.runtime_3.9.900.20240824-1409\jars\plexus-xml-3.0.1.jar
2025-07-15 21:42:52,742 [Worker-8: Launching StudentApplication (1)] INFO  o.eclipse.m2e.core.internal.Bundles - 	Entry: D:\sts-4.28.0.RELEASE\plugins\org.eclipse.m2e.maven.runtime_3.9.900.20240824-1409\jars\wagon-file-3.5.3.jar
2025-07-15 21:42:52,743 [Worker-8: Launching StudentApplication (1)] INFO  o.eclipse.m2e.core.internal.Bundles - 	Entry: D:\sts-4.28.0.RELEASE\plugins\org.eclipse.m2e.maven.runtime_3.9.900.20240824-1409\jars\wagon-http-3.5.3.jar
2025-07-15 21:42:52,743 [Worker-8: Launching StudentApplication (1)] INFO  o.eclipse.m2e.core.internal.Bundles - 	Entry: D:\sts-4.28.0.RELEASE\plugins\org.eclipse.m2e.maven.runtime_3.9.900.20240824-1409\jars\wagon-http-shared-3.5.3.jar
2025-07-15 21:42:52,743 [Worker-8: Launching StudentApplication (1)] INFO  o.eclipse.m2e.core.internal.Bundles - 	Entry: D:\sts-4.28.0.RELEASE\plugins\org.eclipse.m2e.maven.runtime_3.9.900.20240824-1409\jars\wagon-provider-api-3.5.3.jar
2025-07-15 21:42:52,744 [Worker-8: Launching StudentApplication (1)] INFO  o.eclipse.m2e.core.internal.Bundles - getClasspathEntries(Bundle=com.google.guava_33.3.1.jre [29])
2025-07-15 21:42:52,745 [Worker-8: Launching StudentApplication (1)] INFO  o.eclipse.m2e.core.internal.Bundles - 	Entry: D:\sts-4.28.0.RELEASE\plugins\com.google.guava_33.3.1.jre.jar
2025-07-15 21:42:52,745 [Worker-8: Launching StudentApplication (1)] INFO  o.eclipse.m2e.core.internal.Bundles - getClasspathEntries(Bundle=slf4j.api_2.0.16 [615])
2025-07-15 21:42:52,745 [Worker-8: Launching StudentApplication (1)] INFO  o.eclipse.m2e.core.internal.Bundles - 	Entry: D:\sts-4.28.0.RELEASE\plugins\slf4j.api_2.0.16.jar
2025-07-15 21:42:52,746 [Worker-8: Launching StudentApplication (1)] INFO  o.eclipse.m2e.core.internal.Bundles - getClasspathEntries(Bundle=jakarta.inject.jakarta.inject-api_1.0.5 [45])
2025-07-15 21:42:52,750 [Worker-8: Launching StudentApplication (1)] INFO  o.eclipse.m2e.core.internal.Bundles - 	Entry: D:\sts-4.28.0.RELEASE\plugins\jakarta.inject.jakarta.inject-api_1.0.5.jar
2025-07-15 21:42:52,753 [Worker-8: Launching StudentApplication (1)] INFO  o.eclipse.m2e.core.internal.Bundles - getClasspathEntries(Bundle=jakarta.annotation-api_1.3.5 [41])
2025-07-15 21:42:52,754 [Worker-8: Launching StudentApplication (1)] INFO  o.eclipse.m2e.core.internal.Bundles - 	Entry: D:\sts-4.28.0.RELEASE\plugins\jakarta.annotation-api_1.3.5.jar
2025-07-15 21:42:52,755 [Worker-8: Launching StudentApplication (1)] INFO  o.eclipse.m2e.core.internal.Bundles - getClasspathEntries(Bundle=org.apache.commons.cli_1.9.0 [78])
2025-07-15 21:42:52,755 [Worker-8: Launching StudentApplication (1)] INFO  o.eclipse.m2e.core.internal.Bundles - 	Entry: D:\sts-4.28.0.RELEASE\plugins\org.apache.commons.cli_1.9.0.jar
2025-07-15 21:42:52,755 [Worker-8: Launching StudentApplication (1)] INFO  o.eclipse.m2e.core.internal.Bundles - getClasspathEntries(Bundle=org.apache.commons.commons-codec_1.16.0 [81])
2025-07-15 21:42:52,756 [Worker-8: Launching StudentApplication (1)] INFO  o.eclipse.m2e.core.internal.Bundles - 	Entry: D:\sts-4.28.0.RELEASE\plugins\org.apache.commons.commons-codec_1.16.0.jar
2025-07-15 21:42:52,756 [Worker-8: Launching StudentApplication (1)] INFO  o.eclipse.m2e.core.internal.Bundles - getClasspathEntries(Bundle=com.google.guava.failureaccess_1.0.2 [30])
2025-07-15 21:42:52,759 [Worker-8: Launching StudentApplication (1)] INFO  o.eclipse.m2e.core.internal.Bundles - 	Entry: D:\sts-4.28.0.RELEASE\plugins\com.google.guava.failureaccess_1.0.2.jar
2025-07-15 21:42:52,761 [Worker-8: Launching StudentApplication (1)] INFO  o.e.m.i.launch.MavenLaunchDelegate - Run build in "C:\Users\hp\Desktop\SBMS-01\01_POC_PROJECTS\StudentApplication":
2025-07-15 21:42:52,761 [Worker-8: Launching StudentApplication (1)] INFO  o.e.m.i.launch.MavenLaunchDelegate -  mvn  -Ppom.xml -B -Dstyle.color=always package
2025-07-15 21:44:52,473 [Worker-9: Building] INFO  o.a.m.s.f.DefaultMavenResourcesFiltering - Copying 1 resource from src\main\resources to target\classes
2025-07-15 21:44:52,520 [Worker-9: Building] INFO  o.a.m.s.f.DefaultMavenResourcesFiltering - Copying 0 resource from src\main\resources to target\classes
2025-07-15 21:44:52,561 [Worker-9: Building] INFO  o.a.m.s.f.DefaultMavenResourcesFiltering - skip non existing resourceDirectory C:\Users\hp\Desktop\SBMS-01\01_POC_PROJECTS\StudentApplication\src\test\resources
2025-07-15 22:47:59,221 [Worker-24: Building] INFO  o.a.m.s.f.DefaultMavenResourcesFiltering - Copying 1 resource from src\main\resources to target\classes
2025-07-15 22:47:59,292 [Worker-24: Building] INFO  o.a.m.s.f.DefaultMavenResourcesFiltering - Copying 0 resource from src\main\resources to target\classes
2025-07-15 22:47:59,303 [Worker-24: Building] INFO  o.a.m.s.f.DefaultMavenResourcesFiltering - skip non existing resourceDirectory C:\Users\hp\Desktop\SBMS-01\01_POC_PROJECTS\StudentApplication\src\test\resources
2025-07-15 22:48:05,929 [Worker-23: Building] INFO  o.a.m.s.f.DefaultMavenResourcesFiltering - Copying 1 resource from src\main\resources to target\classes
2025-07-15 22:48:05,984 [Worker-23: Building] INFO  o.a.m.s.f.DefaultMavenResourcesFiltering - Copying 0 resource from src\main\resources to target\classes
2025-07-15 22:48:05,992 [Worker-23: Building] INFO  o.a.m.s.f.DefaultMavenResourcesFiltering - skip non existing resourceDirectory C:\Users\hp\Desktop\SBMS-01\01_POC_PROJECTS\StudentApplication\src\test\resources
2025-07-15 22:48:10,617 [Worker-25: Building] INFO  o.a.m.s.f.DefaultMavenResourcesFiltering - Copying 1 resource from src\main\resources to target\classes
2025-07-15 22:48:10,625 [Worker-25: Building] INFO  o.a.m.s.f.DefaultMavenResourcesFiltering - Copying 0 resource from src\main\resources to target\classes
2025-07-15 22:48:10,632 [Worker-25: Building] INFO  o.a.m.s.f.DefaultMavenResourcesFiltering - skip non existing resourceDirectory C:\Users\hp\Desktop\SBMS-01\01_POC_PROJECTS\StudentApplication\src\test\resources
2025-07-15 22:51:00,755 [Worker-0: Loading available Gradle versions] INFO  o.e.b.c.i.u.g.PublishedGradleVersions - Gradle version information cache is up-to-date. Trying to read.
2025-07-15 22:52:16,266 [Worker-0: Building] INFO  o.a.m.s.f.DefaultMavenResourcesFiltering - Copying 1 resource from src\main\resources to target\classes
2025-07-15 22:52:16,334 [Worker-0: Building] INFO  o.a.m.s.f.DefaultMavenResourcesFiltering - Copying 0 resource from src\main\resources to target\classes
2025-07-15 22:52:16,351 [Worker-0: Building] INFO  o.a.m.s.f.DefaultMavenResourcesFiltering - skip non existing resourceDirectory C:\Users\hp\Desktop\SBMS-01\01_POC_PROJECTS\StudentApplication\src\test\resources
2025-07-15 22:52:22,414 [Worker-5: Building] INFO  o.a.m.s.f.DefaultMavenResourcesFiltering - Copying 1 resource from src\main\resources to target\classes
2025-07-15 22:52:22,422 [Worker-5: Building] INFO  o.a.m.s.f.DefaultMavenResourcesFiltering - Copying 0 resource from src\main\resources to target\classes
2025-07-15 22:52:22,430 [Worker-5: Building] INFO  o.a.m.s.f.DefaultMavenResourcesFiltering - skip non existing resourceDirectory C:\Users\hp\Desktop\SBMS-01\01_POC_PROJECTS\StudentApplication\src\test\resources
2025-07-15 23:12:05,967 [Worker-2: Building] INFO  o.a.m.s.f.DefaultMavenResourcesFiltering - Copying 1 resource from src\main\resources to target\classes
2025-07-15 23:12:05,997 [Worker-2: Building] INFO  o.a.m.s.f.DefaultMavenResourcesFiltering - Copying 0 resource from src\main\resources to target\classes
2025-07-15 23:12:06,004 [Worker-2: Building] INFO  o.a.m.s.f.DefaultMavenResourcesFiltering - skip non existing resourceDirectory C:\Users\hp\Desktop\SBMS-01\01_POC_PROJECTS\StudentApplication\src\test\resources
2025-07-15 23:14:06,185 [Worker-11: Building] INFO  o.a.m.s.f.DefaultMavenResourcesFiltering - Copying 1 resource from src\main\resources to target\classes
2025-07-15 23:14:06,200 [Worker-11: Building] INFO  o.a.m.s.f.DefaultMavenResourcesFiltering - Copying 0 resource from src\main\resources to target\classes
2025-07-15 23:14:06,209 [Worker-11: Building] INFO  o.a.m.s.f.DefaultMavenResourcesFiltering - skip non existing resourceDirectory C:\Users\hp\Desktop\SBMS-01\01_POC_PROJECTS\StudentApplication\src\test\resources
2025-07-15 23:16:18,950 [Worker-11: Building] INFO  o.a.m.s.f.DefaultMavenResourcesFiltering - Copying 1 resource from src\main\resources to target\classes
2025-07-15 23:16:18,959 [Worker-11: Building] INFO  o.a.m.s.f.DefaultMavenResourcesFiltering - Copying 0 resource from src\main\resources to target\classes
2025-07-15 23:16:18,967 [Worker-11: Building] INFO  o.a.m.s.f.DefaultMavenResourcesFiltering - skip non existing resourceDirectory C:\Users\hp\Desktop\SBMS-01\01_POC_PROJECTS\StudentApplication\src\test\resources
2025-07-15 23:16:32,428 [Worker-12: Building] INFO  o.a.m.s.f.DefaultMavenResourcesFiltering - Copying 1 resource from src\main\resources to target\classes
2025-07-15 23:16:32,437 [Worker-12: Building] INFO  o.a.m.s.f.DefaultMavenResourcesFiltering - Copying 0 resource from src\main\resources to target\classes
2025-07-15 23:16:32,448 [Worker-12: Building] INFO  o.a.m.s.f.DefaultMavenResourcesFiltering - skip non existing resourceDirectory C:\Users\hp\Desktop\SBMS-01\01_POC_PROJECTS\StudentApplication\src\test\resources
2025-07-15 23:16:41,940 [Worker-1: Building] INFO  o.a.m.s.f.DefaultMavenResourcesFiltering - Copying 1 resource from src\main\resources to target\classes
2025-07-15 23:16:41,946 [Worker-1: Building] INFO  o.a.m.s.f.DefaultMavenResourcesFiltering - Copying 0 resource from src\main\resources to target\classes
2025-07-15 23:16:41,956 [Worker-1: Building] INFO  o.a.m.s.f.DefaultMavenResourcesFiltering - skip non existing resourceDirectory C:\Users\hp\Desktop\SBMS-01\01_POC_PROJECTS\StudentApplication\src\test\resources
2025-07-15 23:16:57,459 [Worker-1: Building] INFO  o.a.m.s.f.DefaultMavenResourcesFiltering - Copying 1 resource from src\main\resources to target\classes
2025-07-15 23:16:57,466 [Worker-1: Building] INFO  o.a.m.s.f.DefaultMavenResourcesFiltering - Copying 0 resource from src\main\resources to target\classes
2025-07-15 23:16:57,506 [Worker-1: Building] INFO  o.a.m.s.f.DefaultMavenResourcesFiltering - skip non existing resourceDirectory C:\Users\hp\Desktop\SBMS-01\01_POC_PROJECTS\StudentApplication\src\test\resources
2025-07-15 23:16:59,868 [Worker-1: Building] INFO  o.a.m.s.f.DefaultMavenResourcesFiltering - Copying 1 resource from src\main\resources to target\classes
2025-07-15 23:16:59,876 [Worker-1: Building] INFO  o.a.m.s.f.DefaultMavenResourcesFiltering - Copying 0 resource from src\main\resources to target\classes
2025-07-15 23:16:59,883 [Worker-1: Building] INFO  o.a.m.s.f.DefaultMavenResourcesFiltering - skip non existing resourceDirectory C:\Users\hp\Desktop\SBMS-01\01_POC_PROJECTS\StudentApplication\src\test\resources
2025-07-16 08:09:23,422 [Worker-1: Loading available Gradle versions] INFO  o.e.b.c.i.u.g.PublishedGradleVersions - Gradle version information cache is up-to-date. Trying to read.
2025-07-16 08:10:15,746 [Worker-1: Launching StudentApplication - StudentApplication] INFO  o.a.m.s.f.DefaultMavenResourcesFiltering - Copying 1 resource from src\main\resources to target\classes
2025-07-16 08:10:15,907 [Worker-1: Launching StudentApplication - StudentApplication] INFO  o.a.m.s.f.DefaultMavenResourcesFiltering - Copying 0 resource from src\main\resources to target\classes
2025-07-16 08:10:15,936 [Worker-1: Launching StudentApplication - StudentApplication] INFO  o.a.m.s.f.DefaultMavenResourcesFiltering - skip non existing resourceDirectory C:\Users\hp\Desktop\SBMS-01\01_POC_PROJECTS\StudentApplication\src\test\resources
2025-07-19 07:40:06,790 [Worker-0: Loading available Gradle versions] INFO  o.e.b.c.i.u.g.PublishedGradleVersions - Gradle version information cache is out-of-date. Trying to update.
2025-07-19 07:41:34,940 [Worker-9: Launching StudentApplication - StudentApplication] INFO  o.a.m.s.f.DefaultMavenResourcesFiltering - Copying 1 resource from src\main\resources to target\classes
2025-07-19 07:41:35,022 [Worker-9: Launching StudentApplication - StudentApplication] INFO  o.a.m.s.f.DefaultMavenResourcesFiltering - Copying 0 resource from src\main\resources to target\classes
2025-07-19 07:41:35,033 [Worker-9: Launching StudentApplication - StudentApplication] INFO  o.a.m.s.f.DefaultMavenResourcesFiltering - skip non existing resourceDirectory C:\Users\hp\Desktop\SBMS-01\01_POC_PROJECTS\StudentApplication\src\test\resources
2025-07-24 06:23:54,089 [Worker-1: Loading available Gradle versions] INFO  o.e.b.c.i.u.g.PublishedGradleVersions - Gradle version information cache is out-of-date. Trying to update.
2025-07-26 18:59:38,906 [Worker-93: Building] INFO  o.a.m.s.f.DefaultMavenResourcesFiltering - Copying 1 resource from src\main\resources to target\classes
2025-07-26 18:59:39,090 [Worker-93: Building] INFO  o.a.m.s.f.DefaultMavenResourcesFiltering - Copying 0 resource from src\main\resources to target\classes
2025-07-26 18:59:39,103 [Worker-93: Building] INFO  o.a.m.s.f.DefaultMavenResourcesFiltering - skip non existing resourceDirectory C:\Users\hp\Desktop\SBMS-01\01_POC_PROJECTS\StudentApplication\src\test\resources
2025-07-26 18:59:55,384 [Worker-99: Building] INFO  o.a.m.s.f.DefaultMavenResourcesFiltering - Copying 1 resource from src\main\resources to target\classes
2025-07-26 18:59:55,393 [Worker-99: Building] INFO  o.a.m.s.f.DefaultMavenResourcesFiltering - Copying 0 resource from src\main\resources to target\classes
2025-07-26 18:59:55,401 [Worker-99: Building] INFO  o.a.m.s.f.DefaultMavenResourcesFiltering - skip non existing resourceDirectory C:\Users\hp\Desktop\SBMS-01\01_POC_PROJECTS\StudentApplication\src\test\resources
2025-07-26 19:00:29,624 [Worker-93: Building] INFO  o.a.m.s.f.DefaultMavenResourcesFiltering - Copying 1 resource from src\main\resources to target\classes
2025-07-26 19:00:29,662 [Worker-93: Building] INFO  o.a.m.s.f.DefaultMavenResourcesFiltering - Copying 0 resource from src\main\resources to target\classes
2025-07-26 19:00:29,670 [Worker-93: Building] INFO  o.a.m.s.f.DefaultMavenResourcesFiltering - skip non existing resourceDirectory C:\Users\hp\Desktop\SBMS-01\01_POC_PROJECTS\StudentApplication\src\test\resources
2025-07-31 07:51:01,316 [Worker-1: Loading available Gradle versions] INFO  o.e.b.c.i.u.g.PublishedGradleVersions - Gradle version information cache is out-of-date. Trying to update.
2025-08-01 08:07:40,147 [Worker-2: Loading available Gradle versions] INFO  o.e.b.c.i.u.g.PublishedGradleVersions - Gradle version information cache is out-of-date. Trying to update.
2025-08-02 08:01:30,821 [Worker-2: Loading available Gradle versions] INFO  o.e.b.c.i.u.g.PublishedGradleVersions - Gradle version information cache is up-to-date. Trying to read.
2025-08-02 08:02:32,943 [Worker-0: Launching StudentApplication - StudentApplication] INFO  o.a.m.s.f.DefaultMavenResourcesFiltering - Copying 1 resource from src\main\resources to target\classes
2025-08-02 08:02:33,055 [Worker-0: Launching StudentApplication - StudentApplication] INFO  o.a.m.s.f.DefaultMavenResourcesFiltering - Copying 0 resource from src\main\resources to target\classes
2025-08-02 08:02:33,067 [Worker-0: Launching StudentApplication - StudentApplication] INFO  o.a.m.s.f.DefaultMavenResourcesFiltering - skip non existing resourceDirectory C:\Users\hp\Desktop\SBMS-01\01_POC_PROJECTS\StudentApplication\src\test\resources
2025-08-02 09:14:11,328 [Worker-11: Building] INFO  o.a.m.s.f.DefaultMavenResourcesFiltering - Copying 1 resource from src\main\resources to target\classes
2025-08-02 09:14:11,351 [Worker-11: Building] INFO  o.a.m.s.f.DefaultMavenResourcesFiltering - Copying 0 resource from src\main\resources to target\classes
2025-08-02 09:14:11,358 [Worker-11: Building] INFO  o.a.m.s.f.DefaultMavenResourcesFiltering - skip non existing resourceDirectory C:\Users\hp\Desktop\SBMS-01\01_POC_PROJECTS\StudentApplication\src\test\resources
2025-08-02 09:15:33,611 [Worker-12: Building] INFO  o.a.m.s.f.DefaultMavenResourcesFiltering - Copying 1 resource from src\main\resources to target\classes
2025-08-02 09:15:33,673 [Worker-12: Building] INFO  o.a.m.s.f.DefaultMavenResourcesFiltering - Copying 0 resource from src\main\resources to target\classes
2025-08-02 09:15:33,681 [Worker-12: Building] INFO  o.a.m.s.f.DefaultMavenResourcesFiltering - skip non existing resourceDirectory C:\Users\hp\Desktop\SBMS-01\01_POC_PROJECTS\StudentApplication\src\test\resources
