2025-08-08 21:58:56 [main] INFO  o.s.boot.SpringApplication -       _____                    _____                    _____                    _____                    _____                    _____                _____          
     /\    \                  /\    \                  /\    \                  /\    \                  /\    \                  /\    \              /\    \         
    /::\    \                /::\____\                /::\    \                /::\    \                /::\____\                /::\    \            /::\    \        
    \:::\    \              /:::/    /                \:::\    \              /::::\    \              /:::/    /                \:::\    \           \:::\    \       
     \:::\    \            /:::/    /                  \:::\    \            /::::::\    \            /:::/    /                  \:::\    \           \:::\    \      
      \:::\    \          /:::/    /                    \:::\    \          /:::/\:::\    \          /:::/    /                    \:::\    \           \:::\    \     
       \:::\    \        /:::/____/                      \:::\    \        /:::/__\:::\    \        /:::/    /                      \:::\    \           \:::\    \    
       /::::\    \      /::::\    \                      /::::\    \      /::::\   \:::\    \      /:::/    /                       /::::\    \          /::::\    \   
      /::::::\    \    /::::::\    \   _____    ____    /::::::\    \    /::::::\   \:::\    \    /:::/    /      _____    ____    /::::::\    \        /::::::\    \  
     /:::/\:::\    \  /:::/\:::\    \ /\    \  /\   \  /:::/\:::\    \  /:::/\:::\   \:::\____\  /:::/____/      /\    \  /\   \  /:::/\:::\    \      /:::/\:::\    \ 
    /:::/  \:::\____\/:::/  \:::\    /::\____\/::\   \/:::/  \:::\____\/:::/  \:::\   \:::|    ||:::|    /      /::\____\/::\   \/:::/  \:::\____\    /:::/  \:::\____\
   /:::/    \::/    /\::/    \:::\  /:::/    /\:::\  /:::/    \::/    /\::/   |::::\  /:::|____||:::|____\     /:::/    /\:::\  /:::/    \::/    /   /:::/    \::/    /
  /:::/    / \/____/  \/____/ \:::\/:::/    /  \:::\/:::/    / \/____/  \/____|:::::\/:::/    /  \:::\    \   /:::/    /  \:::\/:::/    / \/____/   /:::/    / \/____/ 
 /:::/    /                    \::::::/    /    \::::::/    /                 |:::::::::/    /    \:::\    \ /:::/    /    \::::::/    /           /:::/    /          
/:::/    /                      \::::/    /      \::::/____/                  |::|\::::/    /      \:::\    /:::/    /      \::::/____/           /:::/    /           
\::/    /                       /:::/    /        \:::\    \                  |::| \::/____/        \:::\__/:::/    /        \:::\    \           \::/    /            
 \/____/                       /:::/    /          \:::\    \                 |::|  ~|               \::::::::/    /          \:::\    \           \/____/             
                              /:::/    /            \:::\    \                |::|   |                \::::::/    /            \:::\    \                              
                             /:::/    /              \:::\____\               \::|   |                 \::::/    /              \:::\____\                             
                             \::/    /                \::/    /                \:|   |                  \::/____/                \::/    /                             
                              \/____/                  \/____/                  \|___|                   ~~                       \/____/                              

2025-08-08 21:58:57 [main] INFO  i.t.SpringBootProjectApplication - Starting SpringBootProjectApplication using Java 21.0.6 with PID 21316 (C:\Users\hp\Desktop\SBMS-01\02_DifferentTypesOfIdes\sts_IDE\SpringBootProject2\target\classes started by hp in C:\Users\hp\Desktop\SBMS-01\02_DifferentTypesOfIdes\sts_IDE\SpringBootProject2)
2025-08-08 21:58:57 [main] INFO  i.t.SpringBootProjectApplication - No active profile set, falling back to 1 default profile: "default"
2025-08-08 21:58:59 [main] INFO  o.s.d.r.c.RepositoryConfigurationDelegate - Bootstrapping Spring Data JPA repositories in DEFAULT mode.
2025-08-08 21:59:00 [main] INFO  o.s.d.r.c.RepositoryConfigurationDelegate - Finished Spring Data repository scanning in 72 ms. Found 0 JPA repository interfaces.
2025-08-08 21:59:02 [main] INFO  com.zaxxer.hikari.HikariDataSource - HikariPool-1 - Starting...
2025-08-08 21:59:05 [main] INFO  com.zaxxer.hikari.pool.HikariPool - HikariPool-1 - Added connection com.mysql.cj.jdbc.ConnectionImpl@34c70b5e
2025-08-08 21:59:05 [main] INFO  com.zaxxer.hikari.HikariDataSource - HikariPool-1 - Start completed.
2025-08-08 21:59:06 [main] INFO  o.h.jpa.internal.util.LogHelper - HHH000204: Processing PersistenceUnitInfo [name: default]
2025-08-08 21:59:06 [main] INFO  org.hibernate.Version - HHH000412: Hibernate ORM core version 6.6.22.Final
2025-08-08 21:59:06 [main] INFO  o.h.c.i.RegionFactoryInitiator - HHH000026: Second-level cache disabled
2025-08-08 21:59:09 [main] INFO  o.s.o.j.p.SpringPersistenceUnitInfo - No LoadTimeWeaver setup: ignoring JPA class transformer
2025-08-08 21:59:10 [main] INFO  o.hibernate.orm.connections.pooling - HHH10001005: Database info:
	Database JDBC URL [Connecting through datasource 'HikariDataSource (HikariPool-1)']
	Database driver: undefined/unknown
	Database version: 8.0.34
	Autocommit mode: undefined/unknown
	Isolation level: undefined/unknown
	Minimum pool size: undefined/unknown
	Maximum pool size: undefined/unknown
2025-08-08 21:59:13 [main] INFO  o.h.e.t.j.p.i.JtaPlatformInitiator - HHH000489: No JTA platform available (set 'hibernate.transaction.jta.platform' to enable JTA platform integration)
2025-08-08 21:59:13 [main] INFO  o.s.o.j.LocalContainerEntityManagerFactoryBean - Initialized JPA EntityManagerFactory for persistence unit 'default'
2025-08-08 21:59:14 [main] INFO  i.t.SpringBootProjectApplication - Started SpringBootProjectApplication in 20.354 seconds (process running for 27.733)
2025-08-08 21:59:14 [SpringApplicationShutdownHook] INFO  o.s.o.j.LocalContainerEntityManagerFactoryBean - Closing JPA EntityManagerFactory for persistence unit 'default'
2025-08-08 21:59:14 [SpringApplicationShutdownHook] INFO  com.zaxxer.hikari.HikariDataSource - HikariPool-1 - Shutdown initiated...
2025-08-08 21:59:14 [SpringApplicationShutdownHook] INFO  com.zaxxer.hikari.HikariDataSource - HikariPool-1 - Shutdown completed.
